This file contains any messages produced by compilers while
running configure, to aid debugging if configure makes a mistake.

It was created by istgt configure 0.5, which was
generated by GNU Autoconf 2.69.  Invocation command line was

  $ ./configure 

## --------- ##
## Platform. ##
## --------- ##

hostname = s7n13.testing.lan
uname -m = x86_64
uname -r = 3.10.32-1.el6.elrepo.x86_64
uname -s = Linux
uname -v = #1 SMP Sat Feb 22 21:46:47 EST 2014

/usr/bin/uname -p = unknown
/bin/uname -X     = unknown

/bin/arch              = x86_64
/usr/bin/arch -k       = unknown
/usr/convex/getsysinfo = unknown
/usr/bin/hostinfo      = unknown
/bin/machine           = unknown
/usr/bin/oslevel       = unknown
/bin/universe          = unknown

PATH: /usr/local/sbin
PATH: /usr/local/bin
PATH: /sbin
PATH: /bin
PATH: /usr/sbin
PATH: /usr/bin
PATH: /root/bin


## ----------- ##
## Core tests. ##
## ----------- ##

configure:2436: checking for clang
configure:2466: result: no
configure:2436: checking for gcc
configure:2452: found /usr/bin/gcc
configure:2463: result: gcc
configure:2494: checking for C compiler version
configure:2503: gcc --version >&5
gcc (GCC) 4.4.7 20120313 (Red Hat 4.4.7-4)
Copyright (C) 2010 Free Software Foundation, Inc.
This is free software; see the source for copying conditions.  There is NO
warranty; not even for MERCHANTABILITY or FITNESS FOR A PARTICULAR PURPOSE.

configure:2514: $? = 0
configure:2503: gcc -v >&5
Using built-in specs.
Target: x86_64-redhat-linux
Configured with: ../configure --prefix=/usr --mandir=/usr/share/man --infodir=/usr/share/info --with-bugurl=http://bugzilla.redhat.com/bugzilla --enable-bootstrap --enable-shared --enable-threads=posix --enable-checking=release --with-system-zlib --enable-__cxa_atexit --disable-libunwind-exceptions --enable-gnu-unique-object --enable-languages=c,c++,objc,obj-c++,java,fortran,ada --enable-java-awt=gtk --disable-dssi --with-java-home=/usr/lib/jvm/java-1.5.0-gcj-1.5.0.0/jre --enable-libgcj-multifile --enable-java-maintainer-mode --with-ecj-jar=/usr/share/java/eclipse-ecj.jar --disable-libjava-multilib --with-ppl --with-cloog --with-tune=generic --with-arch_32=i686 --build=x86_64-redhat-linux
Thread model: posix
gcc version 4.4.7 20120313 (Red Hat 4.4.7-4) (GCC) 
configure:2514: $? = 0
configure:2503: gcc -V >&5
gcc: '-V' option must have argument
configure:2514: $? = 1
configure:2503: gcc -qversion >&5
gcc: unrecognized option '-qversion'
gcc: no input files
configure:2514: $? = 1
configure:2534: checking whether the C compiler works
configure:2556: gcc    conftest.c  >&5
configure:2560: $? = 0
configure:2608: result: yes
configure:2611: checking for C compiler default output file name
configure:2613: result: a.out
configure:2619: checking for suffix of executables
configure:2626: gcc -o conftest    conftest.c  >&5
configure:2630: $? = 0
configure:2652: result: 
configure:2674: checking whether we are cross compiling
configure:2682: gcc -o conftest    conftest.c  >&5
configure:2686: $? = 0
configure:2693: ./conftest
configure:2697: $? = 0
configure:2712: result: no
configure:2717: checking for suffix of object files
configure:2739: gcc -c   conftest.c >&5
configure:2743: $? = 0
configure:2764: result: o
configure:2768: checking whether we are using the GNU C compiler
configure:2787: gcc -c   conftest.c >&5
configure:2787: $? = 0
configure:2796: result: yes
configure:2805: checking whether gcc accepts -g
configure:2825: gcc -c -g  conftest.c >&5
configure:2825: $? = 0
configure:2866: result: yes
configure:2883: checking for gcc option to accept ISO C89
configure:2946: gcc  -c -g -O2  conftest.c >&5
configure:2946: $? = 0
configure:2959: result: none needed
configure:3022: checking for a BSD-compatible install
configure:3090: result: /usr/bin/install -c
configure:3144: checking for ranlib
configure:3160: found /usr/bin/ranlib
configure:3171: result: ranlib
configure:3193: checking for a sed that does not truncate output
configure:3257: result: /bin/sed
configure:3262: checking for a thread-safe mkdir -p
configure:3301: result: /bin/mkdir -p
configure:3321: checking build system type
configure:3335: result: x86_64-unknown-linux-gnu
configure:3355: checking host system type
configure:3368: result: x86_64-unknown-linux-gnu
configure:3433: checking for pthread_create in -lpthread
configure:3458: gcc -o conftest -g -O2   conftest.c -lpthread   >&5
configure:3458: $? = 0
configure:3467: result: yes
configure:3478: checking for cam_open_spec_device in -lcam
configure:3503: gcc -o conftest -g -O2   conftest.c -lcam  -lpthread  >&5
/usr/bin/ld: cannot find -lcam
collect2: ld returned 1 exit status
configure:3503: $? = 1
configure: failed program was:
| /* confdefs.h */
| #define PACKAGE_NAME "istgt"
| #define PACKAGE_TARNAME "istgt"
| #define PACKAGE_VERSION "0.5"
| #define PACKAGE_STRING "istgt 0.5"
| #define PACKAGE_BUGREPORT ""
| #define PACKAGE_URL ""
| #define _GNU_SOURCE 1
| #define HAVE_LIBPTHREAD 1
| /* end confdefs.h.  */
| 
| /* Override any GCC internal prototype to avoid an error.
|    Use char because int might match the return type of a GCC
|    builtin and then its argument prototype would still apply.  */
| #ifdef __cplusplus
| extern "C"
| #endif
| char cam_open_spec_device ();
| int
| main ()
| {
| return cam_open_spec_device ();
|   ;
|   return 0;
| }
configure:3512: result: no
configure:3530: checking how to run the C preprocessor
configure:3561: gcc -E  conftest.c
configure:3561: $? = 0
configure:3575: gcc -E  conftest.c
conftest.c:11:28: error: ac_nonexistent.h: No such file or directory
configure:3575: $? = 1
configure: failed program was:
| /* confdefs.h */
| #define PACKAGE_NAME "istgt"
| #define PACKAGE_TARNAME "istgt"
| #define PACKAGE_VERSION "0.5"
| #define PACKAGE_STRING "istgt 0.5"
| #define PACKAGE_BUGREPORT ""
| #define PACKAGE_URL ""
| #define _GNU_SOURCE 1
| #define HAVE_LIBPTHREAD 1
| /* end confdefs.h.  */
| #include <ac_nonexistent.h>
configure:3600: result: gcc -E
configure:3620: gcc -E  conftest.c
configure:3620: $? = 0
configure:3634: gcc -E  conftest.c
conftest.c:11:28: error: ac_nonexistent.h: No such file or directory
configure:3634: $? = 1
configure: failed program was:
| /* confdefs.h */
| #define PACKAGE_NAME "istgt"
| #define PACKAGE_TARNAME "istgt"
| #define PACKAGE_VERSION "0.5"
| #define PACKAGE_STRING "istgt 0.5"
| #define PACKAGE_BUGREPORT ""
| #define PACKAGE_URL ""
| #define _GNU_SOURCE 1
| #define HAVE_LIBPTHREAD 1
| /* end confdefs.h.  */
| #include <ac_nonexistent.h>
configure:3663: checking for grep that handles long lines and -e
configure:3721: result: /bin/grep
configure:3726: checking for egrep
configure:3788: result: /bin/grep -E
configure:3793: checking for ANSI C header files
configure:3813: gcc -c -g -O2  conftest.c >&5
configure:3813: $? = 0
configure:3886: gcc -o conftest -g -O2   conftest.c -lpthread  >&5
configure:3886: $? = 0
configure:3886: ./conftest
configure:3886: $? = 0
configure:3897: result: yes
configure:3910: checking for sys/types.h
configure:3910: gcc -c -g -O2  conftest.c >&5
configure:3910: $? = 0
configure:3910: result: yes
configure:3910: checking for sys/stat.h
configure:3910: gcc -c -g -O2  conftest.c >&5
configure:3910: $? = 0
configure:3910: result: yes
configure:3910: checking for stdlib.h
configure:3910: gcc -c -g -O2  conftest.c >&5
configure:3910: $? = 0
configure:3910: result: yes
configure:3910: checking for string.h
configure:3910: gcc -c -g -O2  conftest.c >&5
configure:3910: $? = 0
configure:3910: result: yes
configure:3910: checking for memory.h
configure:3910: gcc -c -g -O2  conftest.c >&5
configure:3910: $? = 0
configure:3910: result: yes
configure:3910: checking for strings.h
configure:3910: gcc -c -g -O2  conftest.c >&5
configure:3910: $? = 0
configure:3910: result: yes
configure:3910: checking for inttypes.h
configure:3910: gcc -c -g -O2  conftest.c >&5
configure:3910: $? = 0
configure:3910: result: yes
configure:3910: checking for stdint.h
configure:3910: gcc -c -g -O2  conftest.c >&5
configure:3910: $? = 0
configure:3910: result: yes
configure:3910: checking for unistd.h
configure:3910: gcc -c -g -O2  conftest.c >&5
configure:3910: $? = 0
configure:3910: result: yes
configure:3925: checking arpa/inet.h usability
configure:3925: gcc -c -g -O2  conftest.c >&5
configure:3925: $? = 0
configure:3925: result: yes
configure:3925: checking arpa/inet.h presence
configure:3925: gcc -E  conftest.c
configure:3925: $? = 0
configure:3925: result: yes
configure:3925: checking for arpa/inet.h
configure:3925: result: yes
configure:3925: checking fcntl.h usability
configure:3925: gcc -c -g -O2  conftest.c >&5
configure:3925: $? = 0
configure:3925: result: yes
configure:3925: checking fcntl.h presence
configure:3925: gcc -E  conftest.c
configure:3925: $? = 0
configure:3925: result: yes
configure:3925: checking for fcntl.h
configure:3925: result: yes
configure:3925: checking for inttypes.h
configure:3925: result: yes
configure:3925: checking limits.h usability
configure:3925: gcc -c -g -O2  conftest.c >&5
configure:3925: $? = 0
configure:3925: result: yes
configure:3925: checking limits.h presence
configure:3925: gcc -E  conftest.c
configure:3925: $? = 0
configure:3925: result: yes
configure:3925: checking for limits.h
configure:3925: result: yes
configure:3925: checking netdb.h usability
configure:3925: gcc -c -g -O2  conftest.c >&5
configure:3925: $? = 0
configure:3925: result: yes
configure:3925: checking netdb.h presence
configure:3925: gcc -E  conftest.c
configure:3925: $? = 0
configure:3925: result: yes
configure:3925: checking for netdb.h
configure:3925: result: yes
configure:3925: checking netinet/in.h usability
configure:3925: gcc -c -g -O2  conftest.c >&5
configure:3925: $? = 0
configure:3925: result: yes
configure:3925: checking netinet/in.h presence
configure:3925: gcc -E  conftest.c
configure:3925: $? = 0
configure:3925: result: yes
configure:3925: checking for netinet/in.h
configure:3925: result: yes
configure:3925: checking stddef.h usability
configure:3925: gcc -c -g -O2  conftest.c >&5
configure:3925: $? = 0
configure:3925: result: yes
configure:3925: checking stddef.h presence
configure:3925: gcc -E  conftest.c
configure:3925: $? = 0
configure:3925: result: yes
configure:3925: checking for stddef.h
configure:3925: result: yes
configure:3925: checking for stdint.h
configure:3925: result: yes
configure:3925: checking for stdlib.h
configure:3925: result: yes
configure:3925: checking for string.h
configure:3925: result: yes
configure:3925: checking sys/ioctl.h usability
configure:3925: gcc -c -g -O2  conftest.c >&5
configure:3925: $? = 0
configure:3925: result: yes
configure:3925: checking sys/ioctl.h presence
configure:3925: gcc -E  conftest.c
configure:3925: $? = 0
configure:3925: result: yes
configure:3925: checking for sys/ioctl.h
configure:3925: result: yes
configure:3925: checking sys/param.h usability
configure:3925: gcc -c -g -O2  conftest.c >&5
configure:3925: $? = 0
configure:3925: result: yes
configure:3925: checking sys/param.h presence
configure:3925: gcc -E  conftest.c
configure:3925: $? = 0
configure:3925: result: yes
configure:3925: checking for sys/param.h
configure:3925: result: yes
configure:3925: checking sys/socket.h usability
configure:3925: gcc -c -g -O2  conftest.c >&5
configure:3925: $? = 0
configure:3925: result: yes
configure:3925: checking sys/socket.h presence
configure:3925: gcc -E  conftest.c
configure:3925: $? = 0
configure:3925: result: yes
configure:3925: checking for sys/socket.h
configure:3925: result: yes
configure:3925: checking sys/time.h usability
configure:3925: gcc -c -g -O2  conftest.c >&5
configure:3925: $? = 0
configure:3925: result: yes
configure:3925: checking sys/time.h presence
configure:3925: gcc -E  conftest.c
configure:3925: $? = 0
configure:3925: result: yes
configure:3925: checking for sys/time.h
configure:3925: result: yes
configure:3925: checking syslog.h usability
configure:3925: gcc -c -g -O2  conftest.c >&5
configure:3925: $? = 0
configure:3925: result: yes
configure:3925: checking syslog.h presence
configure:3925: gcc -E  conftest.c
configure:3925: $? = 0
configure:3925: result: yes
configure:3925: checking for syslog.h
configure:3925: result: yes
configure:3925: checking for unistd.h
configure:3925: result: yes
configure:3937: checking for inline
configure:3953: gcc -c -g -O2  conftest.c >&5
configure:3953: $? = 0
configure:3961: result: inline
configure:3979: checking for int32_t
configure:3979: gcc -c -g -O2  conftest.c >&5
configure:3979: $? = 0
configure:3979: gcc -c -g -O2  conftest.c >&5
conftest.c: In function 'main':
conftest.c:75: warning: integer overflow in expression
conftest.c:75: error: size of array 'test_array' is negative
configure:3979: $? = 1
configure: failed program was:
| /* confdefs.h */
| #define PACKAGE_NAME "istgt"
| #define PACKAGE_TARNAME "istgt"
| #define PACKAGE_VERSION "0.5"
| #define PACKAGE_STRING "istgt 0.5"
| #define PACKAGE_BUGREPORT ""
| #define PACKAGE_URL ""
| #define _GNU_SOURCE 1
| #define HAVE_LIBPTHREAD 1
| #define STDC_HEADERS 1
| #define HAVE_SYS_TYPES_H 1
| #define HAVE_SYS_STAT_H 1
| #define HAVE_STDLIB_H 1
| #define HAVE_STRING_H 1
| #define HAVE_MEMORY_H 1
| #define HAVE_STRINGS_H 1
| #define HAVE_INTTYPES_H 1
| #define HAVE_STDINT_H 1
| #define HAVE_UNISTD_H 1
| #define HAVE_ARPA_INET_H 1
| #define HAVE_FCNTL_H 1
| #define HAVE_INTTYPES_H 1
| #define HAVE_LIMITS_H 1
| #define HAVE_NETDB_H 1
| #define HAVE_NETINET_IN_H 1
| #define HAVE_STDDEF_H 1
| #define HAVE_STDINT_H 1
| #define HAVE_STDLIB_H 1
| #define HAVE_STRING_H 1
| #define HAVE_SYS_IOCTL_H 1
| #define HAVE_SYS_PARAM_H 1
| #define HAVE_SYS_SOCKET_H 1
| #define HAVE_SYS_TIME_H 1
| #define HAVE_SYSLOG_H 1
| #define HAVE_UNISTD_H 1
| /* end confdefs.h.  */
| #include <stdio.h>
| #ifdef HAVE_SYS_TYPES_H
| # include <sys/types.h>
| #endif
| #ifdef HAVE_SYS_STAT_H
| # include <sys/stat.h>
| #endif
| #ifdef STDC_HEADERS
| # include <stdlib.h>
| # include <stddef.h>
| #else
| # ifdef HAVE_STDLIB_H
| #  include <stdlib.h>
| # endif
| #endif
| #ifdef HAVE_STRING_H
| # if !defined STDC_HEADERS && defined HAVE_MEMORY_H
| #  include <memory.h>
| # endif
| # include <string.h>
| #endif
| #ifdef HAVE_STRINGS_H
| # include <strings.h>
| #endif
| #ifdef HAVE_INTTYPES_H
| # include <inttypes.h>
| #endif
| #ifdef HAVE_STDINT_H
| # include <stdint.h>
| #endif
| #ifdef HAVE_UNISTD_H
| # include <unistd.h>
| #endif
| 	        enum { N = 32 / 2 - 1 };
| int
| main ()
| {
| static int test_array [1 - 2 * !((int32_t) (((((int32_t) 1 << N) << N) - 1) * 2 + 1)
| 		 < (int32_t) (((((int32_t) 1 << N) << N) - 1) * 2 + 2))];
| test_array [0] = 0;
| return test_array [0];
| 
|   ;
|   return 0;
| }
configure:3979: result: yes
configure:3990: checking for int64_t
configure:3990: gcc -c -g -O2  conftest.c >&5
configure:3990: $? = 0
configure:3990: gcc -c -g -O2  conftest.c >&5
conftest.c: In function 'main':
conftest.c:75: warning: integer overflow in expression
conftest.c:75: error: size of array 'test_array' is negative
configure:3990: $? = 1
configure: failed program was:
| /* confdefs.h */
| #define PACKAGE_NAME "istgt"
| #define PACKAGE_TARNAME "istgt"
| #define PACKAGE_VERSION "0.5"
| #define PACKAGE_STRING "istgt 0.5"
| #define PACKAGE_BUGREPORT ""
| #define PACKAGE_URL ""
| #define _GNU_SOURCE 1
| #define HAVE_LIBPTHREAD 1
| #define STDC_HEADERS 1
| #define HAVE_SYS_TYPES_H 1
| #define HAVE_SYS_STAT_H 1
| #define HAVE_STDLIB_H 1
| #define HAVE_STRING_H 1
| #define HAVE_MEMORY_H 1
| #define HAVE_STRINGS_H 1
| #define HAVE_INTTYPES_H 1
| #define HAVE_STDINT_H 1
| #define HAVE_UNISTD_H 1
| #define HAVE_ARPA_INET_H 1
| #define HAVE_FCNTL_H 1
| #define HAVE_INTTYPES_H 1
| #define HAVE_LIMITS_H 1
| #define HAVE_NETDB_H 1
| #define HAVE_NETINET_IN_H 1
| #define HAVE_STDDEF_H 1
| #define HAVE_STDINT_H 1
| #define HAVE_STDLIB_H 1
| #define HAVE_STRING_H 1
| #define HAVE_SYS_IOCTL_H 1
| #define HAVE_SYS_PARAM_H 1
| #define HAVE_SYS_SOCKET_H 1
| #define HAVE_SYS_TIME_H 1
| #define HAVE_SYSLOG_H 1
| #define HAVE_UNISTD_H 1
| /* end confdefs.h.  */
| #include <stdio.h>
| #ifdef HAVE_SYS_TYPES_H
| # include <sys/types.h>
| #endif
| #ifdef HAVE_SYS_STAT_H
| # include <sys/stat.h>
| #endif
| #ifdef STDC_HEADERS
| # include <stdlib.h>
| # include <stddef.h>
| #else
| # ifdef HAVE_STDLIB_H
| #  include <stdlib.h>
| # endif
| #endif
| #ifdef HAVE_STRING_H
| # if !defined STDC_HEADERS && defined HAVE_MEMORY_H
| #  include <memory.h>
| # endif
| # include <string.h>
| #endif
| #ifdef HAVE_STRINGS_H
| # include <strings.h>
| #endif
| #ifdef HAVE_INTTYPES_H
| # include <inttypes.h>
| #endif
| #ifdef HAVE_STDINT_H
| # include <stdint.h>
| #endif
| #ifdef HAVE_UNISTD_H
| # include <unistd.h>
| #endif
| 	        enum { N = 64 / 2 - 1 };
| int
| main ()
| {
| static int test_array [1 - 2 * !((int64_t) (((((int64_t) 1 << N) << N) - 1) * 2 + 1)
| 		 < (int64_t) (((((int64_t) 1 << N) << N) - 1) * 2 + 2))];
| test_array [0] = 0;
| return test_array [0];
| 
|   ;
|   return 0;
| }
configure:3990: result: yes
configure:4001: checking for off_t
configure:4001: gcc -c -g -O2  conftest.c >&5
configure:4001: $? = 0
configure:4001: gcc -c -g -O2  conftest.c >&5
conftest.c: In function 'main':
conftest.c:73: error: expected expression before ')' token
configure:4001: $? = 1
configure: failed program was:
| /* confdefs.h */
| #define PACKAGE_NAME "istgt"
| #define PACKAGE_TARNAME "istgt"
| #define PACKAGE_VERSION "0.5"
| #define PACKAGE_STRING "istgt 0.5"
| #define PACKAGE_BUGREPORT ""
| #define PACKAGE_URL ""
| #define _GNU_SOURCE 1
| #define HAVE_LIBPTHREAD 1
| #define STDC_HEADERS 1
| #define HAVE_SYS_TYPES_H 1
| #define HAVE_SYS_STAT_H 1
| #define HAVE_STDLIB_H 1
| #define HAVE_STRING_H 1
| #define HAVE_MEMORY_H 1
| #define HAVE_STRINGS_H 1
| #define HAVE_INTTYPES_H 1
| #define HAVE_STDINT_H 1
| #define HAVE_UNISTD_H 1
| #define HAVE_ARPA_INET_H 1
| #define HAVE_FCNTL_H 1
| #define HAVE_INTTYPES_H 1
| #define HAVE_LIMITS_H 1
| #define HAVE_NETDB_H 1
| #define HAVE_NETINET_IN_H 1
| #define HAVE_STDDEF_H 1
| #define HAVE_STDINT_H 1
| #define HAVE_STDLIB_H 1
| #define HAVE_STRING_H 1
| #define HAVE_SYS_IOCTL_H 1
| #define HAVE_SYS_PARAM_H 1
| #define HAVE_SYS_SOCKET_H 1
| #define HAVE_SYS_TIME_H 1
| #define HAVE_SYSLOG_H 1
| #define HAVE_UNISTD_H 1
| /* end confdefs.h.  */
| #include <stdio.h>
| #ifdef HAVE_SYS_TYPES_H
| # include <sys/types.h>
| #endif
| #ifdef HAVE_SYS_STAT_H
| # include <sys/stat.h>
| #endif
| #ifdef STDC_HEADERS
| # include <stdlib.h>
| # include <stddef.h>
| #else
| # ifdef HAVE_STDLIB_H
| #  include <stdlib.h>
| # endif
| #endif
| #ifdef HAVE_STRING_H
| # if !defined STDC_HEADERS && defined HAVE_MEMORY_H
| #  include <memory.h>
| # endif
| # include <string.h>
| #endif
| #ifdef HAVE_STRINGS_H
| # include <strings.h>
| #endif
| #ifdef HAVE_INTTYPES_H
| # include <inttypes.h>
| #endif
| #ifdef HAVE_STDINT_H
| # include <stdint.h>
| #endif
| #ifdef HAVE_UNISTD_H
| # include <unistd.h>
| #endif
| int
| main ()
| {
| if (sizeof ((off_t)))
| 	    return 0;
|   ;
|   return 0;
| }
configure:4001: result: yes
configure:4012: checking for pid_t
configure:4012: gcc -c -g -O2  conftest.c >&5
configure:4012: $? = 0
configure:4012: gcc -c -g -O2  conftest.c >&5
conftest.c: In function 'main':
conftest.c:73: error: expected expression before ')' token
configure:4012: $? = 1
configure: failed program was:
| /* confdefs.h */
| #define PACKAGE_NAME "istgt"
| #define PACKAGE_TARNAME "istgt"
| #define PACKAGE_VERSION "0.5"
| #define PACKAGE_STRING "istgt 0.5"
| #define PACKAGE_BUGREPORT ""
| #define PACKAGE_URL ""
| #define _GNU_SOURCE 1
| #define HAVE_LIBPTHREAD 1
| #define STDC_HEADERS 1
| #define HAVE_SYS_TYPES_H 1
| #define HAVE_SYS_STAT_H 1
| #define HAVE_STDLIB_H 1
| #define HAVE_STRING_H 1
| #define HAVE_MEMORY_H 1
| #define HAVE_STRINGS_H 1
| #define HAVE_INTTYPES_H 1
| #define HAVE_STDINT_H 1
| #define HAVE_UNISTD_H 1
| #define HAVE_ARPA_INET_H 1
| #define HAVE_FCNTL_H 1
| #define HAVE_INTTYPES_H 1
| #define HAVE_LIMITS_H 1
| #define HAVE_NETDB_H 1
| #define HAVE_NETINET_IN_H 1
| #define HAVE_STDDEF_H 1
| #define HAVE_STDINT_H 1
| #define HAVE_STDLIB_H 1
| #define HAVE_STRING_H 1
| #define HAVE_SYS_IOCTL_H 1
| #define HAVE_SYS_PARAM_H 1
| #define HAVE_SYS_SOCKET_H 1
| #define HAVE_SYS_TIME_H 1
| #define HAVE_SYSLOG_H 1
| #define HAVE_UNISTD_H 1
| /* end confdefs.h.  */
| #include <stdio.h>
| #ifdef HAVE_SYS_TYPES_H
| # include <sys/types.h>
| #endif
| #ifdef HAVE_SYS_STAT_H
| # include <sys/stat.h>
| #endif
| #ifdef STDC_HEADERS
| # include <stdlib.h>
| # include <stddef.h>
| #else
| # ifdef HAVE_STDLIB_H
| #  include <stdlib.h>
| # endif
| #endif
| #ifdef HAVE_STRING_H
| # if !defined STDC_HEADERS && defined HAVE_MEMORY_H
| #  include <memory.h>
| # endif
| # include <string.h>
| #endif
| #ifdef HAVE_STRINGS_H
| # include <strings.h>
| #endif
| #ifdef HAVE_INTTYPES_H
| # include <inttypes.h>
| #endif
| #ifdef HAVE_STDINT_H
| # include <stdint.h>
| #endif
| #ifdef HAVE_UNISTD_H
| # include <unistd.h>
| #endif
| int
| main ()
| {
| if (sizeof ((pid_t)))
| 	    return 0;
|   ;
|   return 0;
| }
configure:4012: result: yes
configure:4023: checking for size_t
configure:4023: gcc -c -g -O2  conftest.c >&5
configure:4023: $? = 0
configure:4023: gcc -c -g -O2  conftest.c >&5
conftest.c: In function 'main':
conftest.c:73: error: expected expression before ')' token
configure:4023: $? = 1
configure: failed program was:
| /* confdefs.h */
| #define PACKAGE_NAME "istgt"
| #define PACKAGE_TARNAME "istgt"
| #define PACKAGE_VERSION "0.5"
| #define PACKAGE_STRING "istgt 0.5"
| #define PACKAGE_BUGREPORT ""
| #define PACKAGE_URL ""
| #define _GNU_SOURCE 1
| #define HAVE_LIBPTHREAD 1
| #define STDC_HEADERS 1
| #define HAVE_SYS_TYPES_H 1
| #define HAVE_SYS_STAT_H 1
| #define HAVE_STDLIB_H 1
| #define HAVE_STRING_H 1
| #define HAVE_MEMORY_H 1
| #define HAVE_STRINGS_H 1
| #define HAVE_INTTYPES_H 1
| #define HAVE_STDINT_H 1
| #define HAVE_UNISTD_H 1
| #define HAVE_ARPA_INET_H 1
| #define HAVE_FCNTL_H 1
| #define HAVE_INTTYPES_H 1
| #define HAVE_LIMITS_H 1
| #define HAVE_NETDB_H 1
| #define HAVE_NETINET_IN_H 1
| #define HAVE_STDDEF_H 1
| #define HAVE_STDINT_H 1
| #define HAVE_STDLIB_H 1
| #define HAVE_STRING_H 1
| #define HAVE_SYS_IOCTL_H 1
| #define HAVE_SYS_PARAM_H 1
| #define HAVE_SYS_SOCKET_H 1
| #define HAVE_SYS_TIME_H 1
| #define HAVE_SYSLOG_H 1
| #define HAVE_UNISTD_H 1
| /* end confdefs.h.  */
| #include <stdio.h>
| #ifdef HAVE_SYS_TYPES_H
| # include <sys/types.h>
| #endif
| #ifdef HAVE_SYS_STAT_H
| # include <sys/stat.h>
| #endif
| #ifdef STDC_HEADERS
| # include <stdlib.h>
| # include <stddef.h>
| #else
| # ifdef HAVE_STDLIB_H
| #  include <stdlib.h>
| # endif
| #endif
| #ifdef HAVE_STRING_H
| # if !defined STDC_HEADERS && defined HAVE_MEMORY_H
| #  include <memory.h>
| # endif
| # include <string.h>
| #endif
| #ifdef HAVE_STRINGS_H
| # include <strings.h>
| #endif
| #ifdef HAVE_INTTYPES_H
| # include <inttypes.h>
| #endif
| #ifdef HAVE_STDINT_H
| # include <stdint.h>
| #endif
| #ifdef HAVE_UNISTD_H
| # include <unistd.h>
| #endif
| int
| main ()
| {
| if (sizeof ((size_t)))
| 	    return 0;
|   ;
|   return 0;
| }
configure:4023: result: yes
configure:4034: checking for ssize_t
configure:4034: gcc -c -g -O2  conftest.c >&5
configure:4034: $? = 0
configure:4034: gcc -c -g -O2  conftest.c >&5
conftest.c: In function 'main':
conftest.c:73: error: expected expression before ')' token
configure:4034: $? = 1
configure: failed program was:
| /* confdefs.h */
| #define PACKAGE_NAME "istgt"
| #define PACKAGE_TARNAME "istgt"
| #define PACKAGE_VERSION "0.5"
| #define PACKAGE_STRING "istgt 0.5"
| #define PACKAGE_BUGREPORT ""
| #define PACKAGE_URL ""
| #define _GNU_SOURCE 1
| #define HAVE_LIBPTHREAD 1
| #define STDC_HEADERS 1
| #define HAVE_SYS_TYPES_H 1
| #define HAVE_SYS_STAT_H 1
| #define HAVE_STDLIB_H 1
| #define HAVE_STRING_H 1
| #define HAVE_MEMORY_H 1
| #define HAVE_STRINGS_H 1
| #define HAVE_INTTYPES_H 1
| #define HAVE_STDINT_H 1
| #define HAVE_UNISTD_H 1
| #define HAVE_ARPA_INET_H 1
| #define HAVE_FCNTL_H 1
| #define HAVE_INTTYPES_H 1
| #define HAVE_LIMITS_H 1
| #define HAVE_NETDB_H 1
| #define HAVE_NETINET_IN_H 1
| #define HAVE_STDDEF_H 1
| #define HAVE_STDINT_H 1
| #define HAVE_STDLIB_H 1
| #define HAVE_STRING_H 1
| #define HAVE_SYS_IOCTL_H 1
| #define HAVE_SYS_PARAM_H 1
| #define HAVE_SYS_SOCKET_H 1
| #define HAVE_SYS_TIME_H 1
| #define HAVE_SYSLOG_H 1
| #define HAVE_UNISTD_H 1
| /* end confdefs.h.  */
| #include <stdio.h>
| #ifdef HAVE_SYS_TYPES_H
| # include <sys/types.h>
| #endif
| #ifdef HAVE_SYS_STAT_H
| # include <sys/stat.h>
| #endif
| #ifdef STDC_HEADERS
| # include <stdlib.h>
| # include <stddef.h>
| #else
| # ifdef HAVE_STDLIB_H
| #  include <stdlib.h>
| # endif
| #endif
| #ifdef HAVE_STRING_H
| # if !defined STDC_HEADERS && defined HAVE_MEMORY_H
| #  include <memory.h>
| # endif
| # include <string.h>
| #endif
| #ifdef HAVE_STRINGS_H
| # include <strings.h>
| #endif
| #ifdef HAVE_INTTYPES_H
| # include <inttypes.h>
| #endif
| #ifdef HAVE_STDINT_H
| # include <stdint.h>
| #endif
| #ifdef HAVE_UNISTD_H
| # include <unistd.h>
| #endif
| int
| main ()
| {
| if (sizeof ((ssize_t)))
| 	    return 0;
|   ;
|   return 0;
| }
configure:4034: result: yes
configure:4045: checking for struct stat.st_blocks
configure:4045: gcc -c -g -O2  conftest.c >&5
configure:4045: $? = 0
configure:4045: result: yes
configure:4065: checking for uint16_t
configure:4065: gcc -c -g -O2  conftest.c >&5
configure:4065: $? = 0
configure:4065: result: yes
configure:4077: checking for uint32_t
configure:4077: gcc -c -g -O2  conftest.c >&5
configure:4077: $? = 0
configure:4077: result: yes
configure:4091: checking for uint64_t
configure:4091: gcc -c -g -O2  conftest.c >&5
configure:4091: $? = 0
configure:4091: result: yes
configure:4105: checking for uint8_t
configure:4105: gcc -c -g -O2  conftest.c >&5
configure:4105: $? = 0
configure:4105: result: yes
configure:4121: checking whether lstat correctly handles trailing slash
configure:4147: gcc -o conftest -g -O2   conftest.c -lpthread  >&5
configure:4147: $? = 0
configure:4147: ./conftest
configure:4147: $? = 0
configure:4164: result: yes
configure:4185: checking for stdlib.h
configure:4185: result: yes
configure:4195: checking for GNU libc compatible malloc
configure:4219: gcc -o conftest -g -O2   conftest.c -lpthread  >&5
configure:4219: $? = 0
configure:4219: ./conftest
configure:4219: $? = 0
configure:4229: result: yes
configure:4252: checking for stdlib.h
configure:4252: result: yes
configure:4262: checking for GNU libc compatible realloc
configure:4286: gcc -o conftest -g -O2   conftest.c -lpthread  >&5
configure:4286: $? = 0
configure:4286: ./conftest
configure:4286: $? = 0
configure:4296: result: yes
configure:4320: checking for ftruncate
configure:4320: gcc -o conftest -g -O2   conftest.c -lpthread  >&5
configure:4320: $? = 0
configure:4320: result: yes
configure:4320: checking for memset
configure:4320: gcc -o conftest -g -O2   conftest.c -lpthread  >&5
conftest.c:68: warning: conflicting types for built-in function 'memset'
configure:4320: $? = 0
configure:4320: result: yes
configure:4320: checking for realpath
configure:4320: gcc -o conftest -g -O2   conftest.c -lpthread  >&5
configure:4320: $? = 0
configure:4320: result: yes
configure:4320: checking for socket
configure:4320: gcc -o conftest -g -O2   conftest.c -lpthread  >&5
configure:4320: $? = 0
configure:4320: result: yes
configure:4320: checking for strcasecmp
configure:4320: gcc -o conftest -g -O2   conftest.c -lpthread  >&5
conftest.c:71: warning: conflicting types for built-in function 'strcasecmp'
configure:4320: $? = 0
configure:4320: result: yes
configure:4320: checking for strchr
configure:4320: gcc -o conftest -g -O2   conftest.c -lpthread  >&5
conftest.c:72: warning: conflicting types for built-in function 'strchr'
configure:4320: $? = 0
configure:4320: result: yes
configure:4320: checking for strncasecmp
configure:4320: gcc -o conftest -g -O2   conftest.c -lpthread  >&5
conftest.c:73: warning: conflicting types for built-in function 'strncasecmp'
configure:4320: $? = 0
configure:4320: result: yes
configure:4320: checking for strspn
configure:4320: gcc -o conftest -g -O2   conftest.c -lpthread  >&5
conftest.c:74: warning: conflicting types for built-in function 'strspn'
configure:4320: $? = 0
configure:4320: result: yes
configure:4320: checking for strtol
configure:4320: gcc -o conftest -g -O2   conftest.c -lpthread  >&5
configure:4320: $? = 0
configure:4320: result: yes
configure:4320: checking for strtoull
configure:4320: gcc -o conftest -g -O2   conftest.c -lpthread  >&5
configure:4320: $? = 0
configure:4320: result: yes
configure:4338: checking for special C compiler options needed for large files
configure:4383: result: no
configure:4389: checking for _FILE_OFFSET_BITS value needed for large files
configure:4414: gcc -c -g -O2  conftest.c >&5
configure:4414: $? = 0
configure:4446: result: no
configure:4534: checking aio.h usability
configure:4534: gcc -c -g -O2  conftest.c >&5
configure:4534: $? = 0
configure:4534: result: yes
configure:4534: checking aio.h presence
configure:4534: gcc -E  conftest.c
configure:4534: $? = 0
configure:4534: result: yes
configure:4534: checking for aio.h
configure:4534: result: yes
configure:4534: checking sched.h usability
configure:4534: gcc -c -g -O2  conftest.c >&5
configure:4534: $? = 0
configure:4534: result: yes
configure:4534: checking sched.h presence
configure:4534: gcc -E  conftest.c
configure:4534: $? = 0
configure:4534: result: yes
configure:4534: checking for sched.h
configure:4534: result: yes
configure:4534: checking uuid.h usability
configure:4534: gcc -c -g -O2  conftest.c >&5
conftest.c:89:18: error: uuid.h: No such file or directory
configure:4534: $? = 1
configure: failed program was:
| /* confdefs.h */
| #define PACKAGE_NAME "istgt"
| #define PACKAGE_TARNAME "istgt"
| #define PACKAGE_VERSION "0.5"
| #define PACKAGE_STRING "istgt 0.5"
| #define PACKAGE_BUGREPORT ""
| #define PACKAGE_URL ""
| #define _GNU_SOURCE 1
| #define HAVE_LIBPTHREAD 1
| #define STDC_HEADERS 1
| #define HAVE_SYS_TYPES_H 1
| #define HAVE_SYS_STAT_H 1
| #define HAVE_STDLIB_H 1
| #define HAVE_STRING_H 1
| #define HAVE_MEMORY_H 1
| #define HAVE_STRINGS_H 1
| #define HAVE_INTTYPES_H 1
| #define HAVE_STDINT_H 1
| #define HAVE_UNISTD_H 1
| #define HAVE_ARPA_INET_H 1
| #define HAVE_FCNTL_H 1
| #define HAVE_INTTYPES_H 1
| #define HAVE_LIMITS_H 1
| #define HAVE_NETDB_H 1
| #define HAVE_NETINET_IN_H 1
| #define HAVE_STDDEF_H 1
| #define HAVE_STDINT_H 1
| #define HAVE_STDLIB_H 1
| #define HAVE_STRING_H 1
| #define HAVE_SYS_IOCTL_H 1
| #define HAVE_SYS_PARAM_H 1
| #define HAVE_SYS_SOCKET_H 1
| #define HAVE_SYS_TIME_H 1
| #define HAVE_SYSLOG_H 1
| #define HAVE_UNISTD_H 1
| #define HAVE_STRUCT_STAT_ST_BLOCKS 1
| #define HAVE_ST_BLOCKS 1
| #define LSTAT_FOLLOWS_SLASHED_SYMLINK 1
| #define HAVE_STDLIB_H 1
| #define HAVE_MALLOC 1
| #define HAVE_STDLIB_H 1
| #define HAVE_REALLOC 1
| #define HAVE_FTRUNCATE 1
| #define HAVE_MEMSET 1
| #define HAVE_REALPATH 1
| #define HAVE_SOCKET 1
| #define HAVE_STRCASECMP 1
| #define HAVE_STRCHR 1
| #define HAVE_STRNCASECMP 1
| #define HAVE_STRSPN 1
| #define HAVE_STRTOL 1
| #define HAVE_STRTOULL 1
| #define HAVE_AIO_H 1
| #define HAVE_SCHED_H 1
| /* end confdefs.h.  */
| #include <stdio.h>
| #ifdef HAVE_SYS_TYPES_H
| # include <sys/types.h>
| #endif
| #ifdef HAVE_SYS_STAT_H
| # include <sys/stat.h>
| #endif
| #ifdef STDC_HEADERS
| # include <stdlib.h>
| # include <stddef.h>
| #else
| # ifdef HAVE_STDLIB_H
| #  include <stdlib.h>
| # endif
| #endif
| #ifdef HAVE_STRING_H
| # if !defined STDC_HEADERS && defined HAVE_MEMORY_H
| #  include <memory.h>
| # endif
| # include <string.h>
| #endif
| #ifdef HAVE_STRINGS_H
| # include <strings.h>
| #endif
| #ifdef HAVE_INTTYPES_H
| # include <inttypes.h>
| #endif
| #ifdef HAVE_STDINT_H
| # include <stdint.h>
| #endif
| #ifdef HAVE_UNISTD_H
| # include <unistd.h>
| #endif
| #include <uuid.h>
configure:4534: result: no
configure:4534: checking uuid.h presence
configure:4534: gcc -E  conftest.c
conftest.c:56:18: error: uuid.h: No such file or directory
configure:4534: $? = 1
configure: failed program was:
| /* confdefs.h */
| #define PACKAGE_NAME "istgt"
| #define PACKAGE_TARNAME "istgt"
| #define PACKAGE_VERSION "0.5"
| #define PACKAGE_STRING "istgt 0.5"
| #define PACKAGE_BUGREPORT ""
| #define PACKAGE_URL ""
| #define _GNU_SOURCE 1
| #define HAVE_LIBPTHREAD 1
| #define STDC_HEADERS 1
| #define HAVE_SYS_TYPES_H 1
| #define HAVE_SYS_STAT_H 1
| #define HAVE_STDLIB_H 1
| #define HAVE_STRING_H 1
| #define HAVE_MEMORY_H 1
| #define HAVE_STRINGS_H 1
| #define HAVE_INTTYPES_H 1
| #define HAVE_STDINT_H 1
| #define HAVE_UNISTD_H 1
| #define HAVE_ARPA_INET_H 1
| #define HAVE_FCNTL_H 1
| #define HAVE_INTTYPES_H 1
| #define HAVE_LIMITS_H 1
| #define HAVE_NETDB_H 1
| #define HAVE_NETINET_IN_H 1
| #define HAVE_STDDEF_H 1
| #define HAVE_STDINT_H 1
| #define HAVE_STDLIB_H 1
| #define HAVE_STRING_H 1
| #define HAVE_SYS_IOCTL_H 1
| #define HAVE_SYS_PARAM_H 1
| #define HAVE_SYS_SOCKET_H 1
| #define HAVE_SYS_TIME_H 1
| #define HAVE_SYSLOG_H 1
| #define HAVE_UNISTD_H 1
| #define HAVE_STRUCT_STAT_ST_BLOCKS 1
| #define HAVE_ST_BLOCKS 1
| #define LSTAT_FOLLOWS_SLASHED_SYMLINK 1
| #define HAVE_STDLIB_H 1
| #define HAVE_MALLOC 1
| #define HAVE_STDLIB_H 1
| #define HAVE_REALLOC 1
| #define HAVE_FTRUNCATE 1
| #define HAVE_MEMSET 1
| #define HAVE_REALPATH 1
| #define HAVE_SOCKET 1
| #define HAVE_STRCASECMP 1
| #define HAVE_STRCHR 1
| #define HAVE_STRNCASECMP 1
| #define HAVE_STRSPN 1
| #define HAVE_STRTOL 1
| #define HAVE_STRTOULL 1
| #define HAVE_AIO_H 1
| #define HAVE_SCHED_H 1
| /* end confdefs.h.  */
| #include <uuid.h>
configure:4534: result: no
configure:4534: checking for uuid.h
configure:4534: result: no
configure:4534: checking sys/disk.h usability
configure:4534: gcc -c -g -O2  conftest.c >&5
conftest.c:89:22: error: sys/disk.h: No such file or directory
configure:4534: $? = 1
configure: failed program was:
| /* confdefs.h */
| #define PACKAGE_NAME "istgt"
| #define PACKAGE_TARNAME "istgt"
| #define PACKAGE_VERSION "0.5"
| #define PACKAGE_STRING "istgt 0.5"
| #define PACKAGE_BUGREPORT ""
| #define PACKAGE_URL ""
| #define _GNU_SOURCE 1
| #define HAVE_LIBPTHREAD 1
| #define STDC_HEADERS 1
| #define HAVE_SYS_TYPES_H 1
| #define HAVE_SYS_STAT_H 1
| #define HAVE_STDLIB_H 1
| #define HAVE_STRING_H 1
| #define HAVE_MEMORY_H 1
| #define HAVE_STRINGS_H 1
| #define HAVE_INTTYPES_H 1
| #define HAVE_STDINT_H 1
| #define HAVE_UNISTD_H 1
| #define HAVE_ARPA_INET_H 1
| #define HAVE_FCNTL_H 1
| #define HAVE_INTTYPES_H 1
| #define HAVE_LIMITS_H 1
| #define HAVE_NETDB_H 1
| #define HAVE_NETINET_IN_H 1
| #define HAVE_STDDEF_H 1
| #define HAVE_STDINT_H 1
| #define HAVE_STDLIB_H 1
| #define HAVE_STRING_H 1
| #define HAVE_SYS_IOCTL_H 1
| #define HAVE_SYS_PARAM_H 1
| #define HAVE_SYS_SOCKET_H 1
| #define HAVE_SYS_TIME_H 1
| #define HAVE_SYSLOG_H 1
| #define HAVE_UNISTD_H 1
| #define HAVE_STRUCT_STAT_ST_BLOCKS 1
| #define HAVE_ST_BLOCKS 1
| #define LSTAT_FOLLOWS_SLASHED_SYMLINK 1
| #define HAVE_STDLIB_H 1
| #define HAVE_MALLOC 1
| #define HAVE_STDLIB_H 1
| #define HAVE_REALLOC 1
| #define HAVE_FTRUNCATE 1
| #define HAVE_MEMSET 1
| #define HAVE_REALPATH 1
| #define HAVE_SOCKET 1
| #define HAVE_STRCASECMP 1
| #define HAVE_STRCHR 1
| #define HAVE_STRNCASECMP 1
| #define HAVE_STRSPN 1
| #define HAVE_STRTOL 1
| #define HAVE_STRTOULL 1
| #define HAVE_AIO_H 1
| #define HAVE_SCHED_H 1
| /* end confdefs.h.  */
| #include <stdio.h>
| #ifdef HAVE_SYS_TYPES_H
| # include <sys/types.h>
| #endif
| #ifdef HAVE_SYS_STAT_H
| # include <sys/stat.h>
| #endif
| #ifdef STDC_HEADERS
| # include <stdlib.h>
| # include <stddef.h>
| #else
| # ifdef HAVE_STDLIB_H
| #  include <stdlib.h>
| # endif
| #endif
| #ifdef HAVE_STRING_H
| # if !defined STDC_HEADERS && defined HAVE_MEMORY_H
| #  include <memory.h>
| # endif
| # include <string.h>
| #endif
| #ifdef HAVE_STRINGS_H
| # include <strings.h>
| #endif
| #ifdef HAVE_INTTYPES_H
| # include <inttypes.h>
| #endif
| #ifdef HAVE_STDINT_H
| # include <stdint.h>
| #endif
| #ifdef HAVE_UNISTD_H
| # include <unistd.h>
| #endif
| #include <sys/disk.h>
configure:4534: result: no
configure:4534: checking sys/disk.h presence
configure:4534: gcc -E  conftest.c
conftest.c:56:22: error: sys/disk.h: No such file or directory
configure:4534: $? = 1
configure: failed program was:
| /* confdefs.h */
| #define PACKAGE_NAME "istgt"
| #define PACKAGE_TARNAME "istgt"
| #define PACKAGE_VERSION "0.5"
| #define PACKAGE_STRING "istgt 0.5"
| #define PACKAGE_BUGREPORT ""
| #define PACKAGE_URL ""
| #define _GNU_SOURCE 1
| #define HAVE_LIBPTHREAD 1
| #define STDC_HEADERS 1
| #define HAVE_SYS_TYPES_H 1
| #define HAVE_SYS_STAT_H 1
| #define HAVE_STDLIB_H 1
| #define HAVE_STRING_H 1
| #define HAVE_MEMORY_H 1
| #define HAVE_STRINGS_H 1
| #define HAVE_INTTYPES_H 1
| #define HAVE_STDINT_H 1
| #define HAVE_UNISTD_H 1
| #define HAVE_ARPA_INET_H 1
| #define HAVE_FCNTL_H 1
| #define HAVE_INTTYPES_H 1
| #define HAVE_LIMITS_H 1
| #define HAVE_NETDB_H 1
| #define HAVE_NETINET_IN_H 1
| #define HAVE_STDDEF_H 1
| #define HAVE_STDINT_H 1
| #define HAVE_STDLIB_H 1
| #define HAVE_STRING_H 1
| #define HAVE_SYS_IOCTL_H 1
| #define HAVE_SYS_PARAM_H 1
| #define HAVE_SYS_SOCKET_H 1
| #define HAVE_SYS_TIME_H 1
| #define HAVE_SYSLOG_H 1
| #define HAVE_UNISTD_H 1
| #define HAVE_STRUCT_STAT_ST_BLOCKS 1
| #define HAVE_ST_BLOCKS 1
| #define LSTAT_FOLLOWS_SLASHED_SYMLINK 1
| #define HAVE_STDLIB_H 1
| #define HAVE_MALLOC 1
| #define HAVE_STDLIB_H 1
| #define HAVE_REALLOC 1
| #define HAVE_FTRUNCATE 1
| #define HAVE_MEMSET 1
| #define HAVE_REALPATH 1
| #define HAVE_SOCKET 1
| #define HAVE_STRCASECMP 1
| #define HAVE_STRCHR 1
| #define HAVE_STRNCASECMP 1
| #define HAVE_STRSPN 1
| #define HAVE_STRTOL 1
| #define HAVE_STRTOULL 1
| #define HAVE_AIO_H 1
| #define HAVE_SCHED_H 1
| /* end confdefs.h.  */
| #include <sys/disk.h>
configure:4534: result: no
configure:4534: checking for sys/disk.h
configure:4534: result: no
configure:4534: checking sys/disklabel.h usability
configure:4534: gcc -c -g -O2  conftest.c >&5
conftest.c:89:27: error: sys/disklabel.h: No such file or directory
configure:4534: $? = 1
configure: failed program was:
| /* confdefs.h */
| #define PACKAGE_NAME "istgt"
| #define PACKAGE_TARNAME "istgt"
| #define PACKAGE_VERSION "0.5"
| #define PACKAGE_STRING "istgt 0.5"
| #define PACKAGE_BUGREPORT ""
| #define PACKAGE_URL ""
| #define _GNU_SOURCE 1
| #define HAVE_LIBPTHREAD 1
| #define STDC_HEADERS 1
| #define HAVE_SYS_TYPES_H 1
| #define HAVE_SYS_STAT_H 1
| #define HAVE_STDLIB_H 1
| #define HAVE_STRING_H 1
| #define HAVE_MEMORY_H 1
| #define HAVE_STRINGS_H 1
| #define HAVE_INTTYPES_H 1
| #define HAVE_STDINT_H 1
| #define HAVE_UNISTD_H 1
| #define HAVE_ARPA_INET_H 1
| #define HAVE_FCNTL_H 1
| #define HAVE_INTTYPES_H 1
| #define HAVE_LIMITS_H 1
| #define HAVE_NETDB_H 1
| #define HAVE_NETINET_IN_H 1
| #define HAVE_STDDEF_H 1
| #define HAVE_STDINT_H 1
| #define HAVE_STDLIB_H 1
| #define HAVE_STRING_H 1
| #define HAVE_SYS_IOCTL_H 1
| #define HAVE_SYS_PARAM_H 1
| #define HAVE_SYS_SOCKET_H 1
| #define HAVE_SYS_TIME_H 1
| #define HAVE_SYSLOG_H 1
| #define HAVE_UNISTD_H 1
| #define HAVE_STRUCT_STAT_ST_BLOCKS 1
| #define HAVE_ST_BLOCKS 1
| #define LSTAT_FOLLOWS_SLASHED_SYMLINK 1
| #define HAVE_STDLIB_H 1
| #define HAVE_MALLOC 1
| #define HAVE_STDLIB_H 1
| #define HAVE_REALLOC 1
| #define HAVE_FTRUNCATE 1
| #define HAVE_MEMSET 1
| #define HAVE_REALPATH 1
| #define HAVE_SOCKET 1
| #define HAVE_STRCASECMP 1
| #define HAVE_STRCHR 1
| #define HAVE_STRNCASECMP 1
| #define HAVE_STRSPN 1
| #define HAVE_STRTOL 1
| #define HAVE_STRTOULL 1
| #define HAVE_AIO_H 1
| #define HAVE_SCHED_H 1
| /* end confdefs.h.  */
| #include <stdio.h>
| #ifdef HAVE_SYS_TYPES_H
| # include <sys/types.h>
| #endif
| #ifdef HAVE_SYS_STAT_H
| # include <sys/stat.h>
| #endif
| #ifdef STDC_HEADERS
| # include <stdlib.h>
| # include <stddef.h>
| #else
| # ifdef HAVE_STDLIB_H
| #  include <stdlib.h>
| # endif
| #endif
| #ifdef HAVE_STRING_H
| # if !defined STDC_HEADERS && defined HAVE_MEMORY_H
| #  include <memory.h>
| # endif
| # include <string.h>
| #endif
| #ifdef HAVE_STRINGS_H
| # include <strings.h>
| #endif
| #ifdef HAVE_INTTYPES_H
| # include <inttypes.h>
| #endif
| #ifdef HAVE_STDINT_H
| # include <stdint.h>
| #endif
| #ifdef HAVE_UNISTD_H
| # include <unistd.h>
| #endif
| #include <sys/disklabel.h>
configure:4534: result: no
configure:4534: checking sys/disklabel.h presence
configure:4534: gcc -E  conftest.c
conftest.c:56:27: error: sys/disklabel.h: No such file or directory
configure:4534: $? = 1
configure: failed program was:
| /* confdefs.h */
| #define PACKAGE_NAME "istgt"
| #define PACKAGE_TARNAME "istgt"
| #define PACKAGE_VERSION "0.5"
| #define PACKAGE_STRING "istgt 0.5"
| #define PACKAGE_BUGREPORT ""
| #define PACKAGE_URL ""
| #define _GNU_SOURCE 1
| #define HAVE_LIBPTHREAD 1
| #define STDC_HEADERS 1
| #define HAVE_SYS_TYPES_H 1
| #define HAVE_SYS_STAT_H 1
| #define HAVE_STDLIB_H 1
| #define HAVE_STRING_H 1
| #define HAVE_MEMORY_H 1
| #define HAVE_STRINGS_H 1
| #define HAVE_INTTYPES_H 1
| #define HAVE_STDINT_H 1
| #define HAVE_UNISTD_H 1
| #define HAVE_ARPA_INET_H 1
| #define HAVE_FCNTL_H 1
| #define HAVE_INTTYPES_H 1
| #define HAVE_LIMITS_H 1
| #define HAVE_NETDB_H 1
| #define HAVE_NETINET_IN_H 1
| #define HAVE_STDDEF_H 1
| #define HAVE_STDINT_H 1
| #define HAVE_STDLIB_H 1
| #define HAVE_STRING_H 1
| #define HAVE_SYS_IOCTL_H 1
| #define HAVE_SYS_PARAM_H 1
| #define HAVE_SYS_SOCKET_H 1
| #define HAVE_SYS_TIME_H 1
| #define HAVE_SYSLOG_H 1
| #define HAVE_UNISTD_H 1
| #define HAVE_STRUCT_STAT_ST_BLOCKS 1
| #define HAVE_ST_BLOCKS 1
| #define LSTAT_FOLLOWS_SLASHED_SYMLINK 1
| #define HAVE_STDLIB_H 1
| #define HAVE_MALLOC 1
| #define HAVE_STDLIB_H 1
| #define HAVE_REALLOC 1
| #define HAVE_FTRUNCATE 1
| #define HAVE_MEMSET 1
| #define HAVE_REALPATH 1
| #define HAVE_SOCKET 1
| #define HAVE_STRCASECMP 1
| #define HAVE_STRCHR 1
| #define HAVE_STRNCASECMP 1
| #define HAVE_STRSPN 1
| #define HAVE_STRTOL 1
| #define HAVE_STRTOULL 1
| #define HAVE_AIO_H 1
| #define HAVE_SCHED_H 1
| /* end confdefs.h.  */
| #include <sys/disklabel.h>
configure:4534: result: no
configure:4534: checking for sys/disklabel.h
configure:4534: result: no
configure:4546: checking pthread.h usability
configure:4546: gcc -c -g -O2  conftest.c >&5
configure:4546: $? = 0
configure:4546: result: yes
configure:4546: checking pthread.h presence
configure:4546: gcc -E  conftest.c
configure:4546: $? = 0
configure:4546: result: yes
configure:4546: checking for pthread.h
configure:4546: result: yes
configure:4558: checking for pthread_np.h
configure:4558: gcc -c -g -O2  conftest.c >&5
conftest.c:62:24: error: pthread_np.h: No such file or directory
configure:4558: $? = 1
configure: failed program was:
| /* confdefs.h */
| #define PACKAGE_NAME "istgt"
| #define PACKAGE_TARNAME "istgt"
| #define PACKAGE_VERSION "0.5"
| #define PACKAGE_STRING "istgt 0.5"
| #define PACKAGE_BUGREPORT ""
| #define PACKAGE_URL ""
| #define _GNU_SOURCE 1
| #define HAVE_LIBPTHREAD 1
| #define STDC_HEADERS 1
| #define HAVE_SYS_TYPES_H 1
| #define HAVE_SYS_STAT_H 1
| #define HAVE_STDLIB_H 1
| #define HAVE_STRING_H 1
| #define HAVE_MEMORY_H 1
| #define HAVE_STRINGS_H 1
| #define HAVE_INTTYPES_H 1
| #define HAVE_STDINT_H 1
| #define HAVE_UNISTD_H 1
| #define HAVE_ARPA_INET_H 1
| #define HAVE_FCNTL_H 1
| #define HAVE_INTTYPES_H 1
| #define HAVE_LIMITS_H 1
| #define HAVE_NETDB_H 1
| #define HAVE_NETINET_IN_H 1
| #define HAVE_STDDEF_H 1
| #define HAVE_STDINT_H 1
| #define HAVE_STDLIB_H 1
| #define HAVE_STRING_H 1
| #define HAVE_SYS_IOCTL_H 1
| #define HAVE_SYS_PARAM_H 1
| #define HAVE_SYS_SOCKET_H 1
| #define HAVE_SYS_TIME_H 1
| #define HAVE_SYSLOG_H 1
| #define HAVE_UNISTD_H 1
| #define HAVE_STRUCT_STAT_ST_BLOCKS 1
| #define HAVE_ST_BLOCKS 1
| #define LSTAT_FOLLOWS_SLASHED_SYMLINK 1
| #define HAVE_STDLIB_H 1
| #define HAVE_MALLOC 1
| #define HAVE_STDLIB_H 1
| #define HAVE_REALLOC 1
| #define HAVE_FTRUNCATE 1
| #define HAVE_MEMSET 1
| #define HAVE_REALPATH 1
| #define HAVE_SOCKET 1
| #define HAVE_STRCASECMP 1
| #define HAVE_STRCHR 1
| #define HAVE_STRNCASECMP 1
| #define HAVE_STRSPN 1
| #define HAVE_STRTOL 1
| #define HAVE_STRTOULL 1
| #define HAVE_AIO_H 1
| #define HAVE_SCHED_H 1
| #define HAVE_PTHREAD_H 1
| /* end confdefs.h.  */
| #if HAVE_PTHREAD_H
| #include <pthread.h>
| #endif
| 
| 
| #include <pthread_np.h>
configure:4558: result: no
configure:4575: checking for strlcpy
configure:4575: gcc -o conftest -g -O2   conftest.c -lpthread  >&5
/tmp/ccwycZ5M.o: In function `main':
/root/istgt_new/conftest.c:91: undefined reference to `strlcpy'
collect2: ld returned 1 exit status
configure:4575: $? = 1
configure: failed program was:
| /* confdefs.h */
| #define PACKAGE_NAME "istgt"
| #define PACKAGE_TARNAME "istgt"
| #define PACKAGE_VERSION "0.5"
| #define PACKAGE_STRING "istgt 0.5"
| #define PACKAGE_BUGREPORT ""
| #define PACKAGE_URL ""
| #define _GNU_SOURCE 1
| #define HAVE_LIBPTHREAD 1
| #define STDC_HEADERS 1
| #define HAVE_SYS_TYPES_H 1
| #define HAVE_SYS_STAT_H 1
| #define HAVE_STDLIB_H 1
| #define HAVE_STRING_H 1
| #define HAVE_MEMORY_H 1
| #define HAVE_STRINGS_H 1
| #define HAVE_INTTYPES_H 1
| #define HAVE_STDINT_H 1
| #define HAVE_UNISTD_H 1
| #define HAVE_ARPA_INET_H 1
| #define HAVE_FCNTL_H 1
| #define HAVE_INTTYPES_H 1
| #define HAVE_LIMITS_H 1
| #define HAVE_NETDB_H 1
| #define HAVE_NETINET_IN_H 1
| #define HAVE_STDDEF_H 1
| #define HAVE_STDINT_H 1
| #define HAVE_STDLIB_H 1
| #define HAVE_STRING_H 1
| #define HAVE_SYS_IOCTL_H 1
| #define HAVE_SYS_PARAM_H 1
| #define HAVE_SYS_SOCKET_H 1
| #define HAVE_SYS_TIME_H 1
| #define HAVE_SYSLOG_H 1
| #define HAVE_UNISTD_H 1
| #define HAVE_STRUCT_STAT_ST_BLOCKS 1
| #define HAVE_ST_BLOCKS 1
| #define LSTAT_FOLLOWS_SLASHED_SYMLINK 1
| #define HAVE_STDLIB_H 1
| #define HAVE_MALLOC 1
| #define HAVE_STDLIB_H 1
| #define HAVE_REALLOC 1
| #define HAVE_FTRUNCATE 1
| #define HAVE_MEMSET 1
| #define HAVE_REALPATH 1
| #define HAVE_SOCKET 1
| #define HAVE_STRCASECMP 1
| #define HAVE_STRCHR 1
| #define HAVE_STRNCASECMP 1
| #define HAVE_STRSPN 1
| #define HAVE_STRTOL 1
| #define HAVE_STRTOULL 1
| #define HAVE_AIO_H 1
| #define HAVE_SCHED_H 1
| #define HAVE_PTHREAD_H 1
| /* end confdefs.h.  */
| /* Define strlcpy to an innocuous variant, in case <limits.h> declares strlcpy.
|    For example, HP-UX 11i <limits.h> declares gettimeofday.  */
| #define strlcpy innocuous_strlcpy
| 
| /* System header to define __stub macros and hopefully few prototypes,
|     which can conflict with char strlcpy (); below.
|     Prefer <limits.h> to <assert.h> if __STDC__ is defined, since
|     <limits.h> exists even on freestanding compilers.  */
| 
| #ifdef __STDC__
| # include <limits.h>
| #else
| # include <assert.h>
| #endif
| 
| #undef strlcpy
| 
| /* Override any GCC internal prototype to avoid an error.
|    Use char because int might match the return type of a GCC
|    builtin and then its argument prototype would still apply.  */
| #ifdef __cplusplus
| extern "C"
| #endif
| char strlcpy ();
| /* The GNU C library defines this for functions which it implements
|     to always fail with ENOSYS.  Some functions are actually named
|     something starting with __ and the normal name is an alias.  */
| #if defined __stub_strlcpy || defined __stub___strlcpy
| choke me
| #endif
| 
| int
| main ()
| {
| return strlcpy ();
|   ;
|   return 0;
| }
configure:4575: result: no
configure:4575: checking for arc4random
configure:4575: gcc -o conftest -g -O2   conftest.c -lpthread  >&5
/tmp/cce4wItZ.o: In function `main':
/root/istgt_new/conftest.c:91: undefined reference to `arc4random'
collect2: ld returned 1 exit status
configure:4575: $? = 1
configure: failed program was:
| /* confdefs.h */
| #define PACKAGE_NAME "istgt"
| #define PACKAGE_TARNAME "istgt"
| #define PACKAGE_VERSION "0.5"
| #define PACKAGE_STRING "istgt 0.5"
| #define PACKAGE_BUGREPORT ""
| #define PACKAGE_URL ""
| #define _GNU_SOURCE 1
| #define HAVE_LIBPTHREAD 1
| #define STDC_HEADERS 1
| #define HAVE_SYS_TYPES_H 1
| #define HAVE_SYS_STAT_H 1
| #define HAVE_STDLIB_H 1
| #define HAVE_STRING_H 1
| #define HAVE_MEMORY_H 1
| #define HAVE_STRINGS_H 1
| #define HAVE_INTTYPES_H 1
| #define HAVE_STDINT_H 1
| #define HAVE_UNISTD_H 1
| #define HAVE_ARPA_INET_H 1
| #define HAVE_FCNTL_H 1
| #define HAVE_INTTYPES_H 1
| #define HAVE_LIMITS_H 1
| #define HAVE_NETDB_H 1
| #define HAVE_NETINET_IN_H 1
| #define HAVE_STDDEF_H 1
| #define HAVE_STDINT_H 1
| #define HAVE_STDLIB_H 1
| #define HAVE_STRING_H 1
| #define HAVE_SYS_IOCTL_H 1
| #define HAVE_SYS_PARAM_H 1
| #define HAVE_SYS_SOCKET_H 1
| #define HAVE_SYS_TIME_H 1
| #define HAVE_SYSLOG_H 1
| #define HAVE_UNISTD_H 1
| #define HAVE_STRUCT_STAT_ST_BLOCKS 1
| #define HAVE_ST_BLOCKS 1
| #define LSTAT_FOLLOWS_SLASHED_SYMLINK 1
| #define HAVE_STDLIB_H 1
| #define HAVE_MALLOC 1
| #define HAVE_STDLIB_H 1
| #define HAVE_REALLOC 1
| #define HAVE_FTRUNCATE 1
| #define HAVE_MEMSET 1
| #define HAVE_REALPATH 1
| #define HAVE_SOCKET 1
| #define HAVE_STRCASECMP 1
| #define HAVE_STRCHR 1
| #define HAVE_STRNCASECMP 1
| #define HAVE_STRSPN 1
| #define HAVE_STRTOL 1
| #define HAVE_STRTOULL 1
| #define HAVE_AIO_H 1
| #define HAVE_SCHED_H 1
| #define HAVE_PTHREAD_H 1
| /* end confdefs.h.  */
| /* Define arc4random to an innocuous variant, in case <limits.h> declares arc4random.
|    For example, HP-UX 11i <limits.h> declares gettimeofday.  */
| #define arc4random innocuous_arc4random
| 
| /* System header to define __stub macros and hopefully few prototypes,
|     which can conflict with char arc4random (); below.
|     Prefer <limits.h> to <assert.h> if __STDC__ is defined, since
|     <limits.h> exists even on freestanding compilers.  */
| 
| #ifdef __STDC__
| # include <limits.h>
| #else
| # include <assert.h>
| #endif
| 
| #undef arc4random
| 
| /* Override any GCC internal prototype to avoid an error.
|    Use char because int might match the return type of a GCC
|    builtin and then its argument prototype would still apply.  */
| #ifdef __cplusplus
| extern "C"
| #endif
| char arc4random ();
| /* The GNU C library defines this for functions which it implements
|     to always fail with ENOSYS.  Some functions are actually named
|     something starting with __ and the normal name is an alias.  */
| #if defined __stub_arc4random || defined __stub___arc4random
| choke me
| #endif
| 
| int
| main ()
| {
| return arc4random ();
|   ;
|   return 0;
| }
configure:4575: result: no
configure:4575: checking for srandomdev
configure:4575: gcc -o conftest -g -O2   conftest.c -lpthread  >&5
/tmp/cceQyLkc.o: In function `main':
/root/istgt_new/conftest.c:91: undefined reference to `srandomdev'
collect2: ld returned 1 exit status
configure:4575: $? = 1
configure: failed program was:
| /* confdefs.h */
| #define PACKAGE_NAME "istgt"
| #define PACKAGE_TARNAME "istgt"
| #define PACKAGE_VERSION "0.5"
| #define PACKAGE_STRING "istgt 0.5"
| #define PACKAGE_BUGREPORT ""
| #define PACKAGE_URL ""
| #define _GNU_SOURCE 1
| #define HAVE_LIBPTHREAD 1
| #define STDC_HEADERS 1
| #define HAVE_SYS_TYPES_H 1
| #define HAVE_SYS_STAT_H 1
| #define HAVE_STDLIB_H 1
| #define HAVE_STRING_H 1
| #define HAVE_MEMORY_H 1
| #define HAVE_STRINGS_H 1
| #define HAVE_INTTYPES_H 1
| #define HAVE_STDINT_H 1
| #define HAVE_UNISTD_H 1
| #define HAVE_ARPA_INET_H 1
| #define HAVE_FCNTL_H 1
| #define HAVE_INTTYPES_H 1
| #define HAVE_LIMITS_H 1
| #define HAVE_NETDB_H 1
| #define HAVE_NETINET_IN_H 1
| #define HAVE_STDDEF_H 1
| #define HAVE_STDINT_H 1
| #define HAVE_STDLIB_H 1
| #define HAVE_STRING_H 1
| #define HAVE_SYS_IOCTL_H 1
| #define HAVE_SYS_PARAM_H 1
| #define HAVE_SYS_SOCKET_H 1
| #define HAVE_SYS_TIME_H 1
| #define HAVE_SYSLOG_H 1
| #define HAVE_UNISTD_H 1
| #define HAVE_STRUCT_STAT_ST_BLOCKS 1
| #define HAVE_ST_BLOCKS 1
| #define LSTAT_FOLLOWS_SLASHED_SYMLINK 1
| #define HAVE_STDLIB_H 1
| #define HAVE_MALLOC 1
| #define HAVE_STDLIB_H 1
| #define HAVE_REALLOC 1
| #define HAVE_FTRUNCATE 1
| #define HAVE_MEMSET 1
| #define HAVE_REALPATH 1
| #define HAVE_SOCKET 1
| #define HAVE_STRCASECMP 1
| #define HAVE_STRCHR 1
| #define HAVE_STRNCASECMP 1
| #define HAVE_STRSPN 1
| #define HAVE_STRTOL 1
| #define HAVE_STRTOULL 1
| #define HAVE_AIO_H 1
| #define HAVE_SCHED_H 1
| #define HAVE_PTHREAD_H 1
| /* end confdefs.h.  */
| /* Define srandomdev to an innocuous variant, in case <limits.h> declares srandomdev.
|    For example, HP-UX 11i <limits.h> declares gettimeofday.  */
| #define srandomdev innocuous_srandomdev
| 
| /* System header to define __stub macros and hopefully few prototypes,
|     which can conflict with char srandomdev (); below.
|     Prefer <limits.h> to <assert.h> if __STDC__ is defined, since
|     <limits.h> exists even on freestanding compilers.  */
| 
| #ifdef __STDC__
| # include <limits.h>
| #else
| # include <assert.h>
| #endif
| 
| #undef srandomdev
| 
| /* Override any GCC internal prototype to avoid an error.
|    Use char because int might match the return type of a GCC
|    builtin and then its argument prototype would still apply.  */
| #ifdef __cplusplus
| extern "C"
| #endif
| char srandomdev ();
| /* The GNU C library defines this for functions which it implements
|     to always fail with ENOSYS.  Some functions are actually named
|     something starting with __ and the normal name is an alias.  */
| #if defined __stub_srandomdev || defined __stub___srandomdev
| choke me
| #endif
| 
| int
| main ()
| {
| return srandomdev ();
|   ;
|   return 0;
| }
configure:4575: result: no
configure:4575: checking for pthread_yield
configure:4575: gcc -o conftest -g -O2   conftest.c -lpthread  >&5
configure:4575: $? = 0
configure:4575: result: yes
configure:4575: checking for sched_yield
configure:4575: gcc -o conftest -g -O2   conftest.c -lpthread  >&5
configure:4575: $? = 0
configure:4575: result: yes
configure:4587: checking for pthread_set_name_np
configure:4587: gcc -o conftest -g -O2   conftest.c -lpthread  >&5
/tmp/ccnNCtMF.o: In function `main':
/root/istgt_new/conftest.c:93: undefined reference to `pthread_set_name_np'
collect2: ld returned 1 exit status
configure:4587: $? = 1
configure: failed program was:
| /* confdefs.h */
| #define PACKAGE_NAME "istgt"
| #define PACKAGE_TARNAME "istgt"
| #define PACKAGE_VERSION "0.5"
| #define PACKAGE_STRING "istgt 0.5"
| #define PACKAGE_BUGREPORT ""
| #define PACKAGE_URL ""
| #define _GNU_SOURCE 1
| #define HAVE_LIBPTHREAD 1
| #define STDC_HEADERS 1
| #define HAVE_SYS_TYPES_H 1
| #define HAVE_SYS_STAT_H 1
| #define HAVE_STDLIB_H 1
| #define HAVE_STRING_H 1
| #define HAVE_MEMORY_H 1
| #define HAVE_STRINGS_H 1
| #define HAVE_INTTYPES_H 1
| #define HAVE_STDINT_H 1
| #define HAVE_UNISTD_H 1
| #define HAVE_ARPA_INET_H 1
| #define HAVE_FCNTL_H 1
| #define HAVE_INTTYPES_H 1
| #define HAVE_LIMITS_H 1
| #define HAVE_NETDB_H 1
| #define HAVE_NETINET_IN_H 1
| #define HAVE_STDDEF_H 1
| #define HAVE_STDINT_H 1
| #define HAVE_STDLIB_H 1
| #define HAVE_STRING_H 1
| #define HAVE_SYS_IOCTL_H 1
| #define HAVE_SYS_PARAM_H 1
| #define HAVE_SYS_SOCKET_H 1
| #define HAVE_SYS_TIME_H 1
| #define HAVE_SYSLOG_H 1
| #define HAVE_UNISTD_H 1
| #define HAVE_STRUCT_STAT_ST_BLOCKS 1
| #define HAVE_ST_BLOCKS 1
| #define LSTAT_FOLLOWS_SLASHED_SYMLINK 1
| #define HAVE_STDLIB_H 1
| #define HAVE_MALLOC 1
| #define HAVE_STDLIB_H 1
| #define HAVE_REALLOC 1
| #define HAVE_FTRUNCATE 1
| #define HAVE_MEMSET 1
| #define HAVE_REALPATH 1
| #define HAVE_SOCKET 1
| #define HAVE_STRCASECMP 1
| #define HAVE_STRCHR 1
| #define HAVE_STRNCASECMP 1
| #define HAVE_STRSPN 1
| #define HAVE_STRTOL 1
| #define HAVE_STRTOULL 1
| #define HAVE_AIO_H 1
| #define HAVE_SCHED_H 1
| #define HAVE_PTHREAD_H 1
| #define HAVE_PTHREAD_YIELD 1
| #define HAVE_SCHED_YIELD 1
| /* end confdefs.h.  */
| /* Define pthread_set_name_np to an innocuous variant, in case <limits.h> declares pthread_set_name_np.
|    For example, HP-UX 11i <limits.h> declares gettimeofday.  */
| #define pthread_set_name_np innocuous_pthread_set_name_np
| 
| /* System header to define __stub macros and hopefully few prototypes,
|     which can conflict with char pthread_set_name_np (); below.
|     Prefer <limits.h> to <assert.h> if __STDC__ is defined, since
|     <limits.h> exists even on freestanding compilers.  */
| 
| #ifdef __STDC__
| # include <limits.h>
| #else
| # include <assert.h>
| #endif
| 
| #undef pthread_set_name_np
| 
| /* Override any GCC internal prototype to avoid an error.
|    Use char because int might match the return type of a GCC
|    builtin and then its argument prototype would still apply.  */
| #ifdef __cplusplus
| extern "C"
| #endif
| char pthread_set_name_np ();
| /* The GNU C library defines this for functions which it implements
|     to always fail with ENOSYS.  Some functions are actually named
|     something starting with __ and the normal name is an alias.  */
| #if defined __stub_pthread_set_name_np || defined __stub___pthread_set_name_np
| choke me
| #endif
| 
| int
| main ()
| {
| return pthread_set_name_np ();
|   ;
|   return 0;
| }
configure:4587: result: no
configure:4587: checking for setproctitle
configure:4587: gcc -o conftest -g -O2   conftest.c -lpthread  >&5
/tmp/ccX19FYR.o: In function `main':
/root/istgt_new/conftest.c:93: undefined reference to `setproctitle'
collect2: ld returned 1 exit status
configure:4587: $? = 1
configure: failed program was:
| /* confdefs.h */
| #define PACKAGE_NAME "istgt"
| #define PACKAGE_TARNAME "istgt"
| #define PACKAGE_VERSION "0.5"
| #define PACKAGE_STRING "istgt 0.5"
| #define PACKAGE_BUGREPORT ""
| #define PACKAGE_URL ""
| #define _GNU_SOURCE 1
| #define HAVE_LIBPTHREAD 1
| #define STDC_HEADERS 1
| #define HAVE_SYS_TYPES_H 1
| #define HAVE_SYS_STAT_H 1
| #define HAVE_STDLIB_H 1
| #define HAVE_STRING_H 1
| #define HAVE_MEMORY_H 1
| #define HAVE_STRINGS_H 1
| #define HAVE_INTTYPES_H 1
| #define HAVE_STDINT_H 1
| #define HAVE_UNISTD_H 1
| #define HAVE_ARPA_INET_H 1
| #define HAVE_FCNTL_H 1
| #define HAVE_INTTYPES_H 1
| #define HAVE_LIMITS_H 1
| #define HAVE_NETDB_H 1
| #define HAVE_NETINET_IN_H 1
| #define HAVE_STDDEF_H 1
| #define HAVE_STDINT_H 1
| #define HAVE_STDLIB_H 1
| #define HAVE_STRING_H 1
| #define HAVE_SYS_IOCTL_H 1
| #define HAVE_SYS_PARAM_H 1
| #define HAVE_SYS_SOCKET_H 1
| #define HAVE_SYS_TIME_H 1
| #define HAVE_SYSLOG_H 1
| #define HAVE_UNISTD_H 1
| #define HAVE_STRUCT_STAT_ST_BLOCKS 1
| #define HAVE_ST_BLOCKS 1
| #define LSTAT_FOLLOWS_SLASHED_SYMLINK 1
| #define HAVE_STDLIB_H 1
| #define HAVE_MALLOC 1
| #define HAVE_STDLIB_H 1
| #define HAVE_REALLOC 1
| #define HAVE_FTRUNCATE 1
| #define HAVE_MEMSET 1
| #define HAVE_REALPATH 1
| #define HAVE_SOCKET 1
| #define HAVE_STRCASECMP 1
| #define HAVE_STRCHR 1
| #define HAVE_STRNCASECMP 1
| #define HAVE_STRSPN 1
| #define HAVE_STRTOL 1
| #define HAVE_STRTOULL 1
| #define HAVE_AIO_H 1
| #define HAVE_SCHED_H 1
| #define HAVE_PTHREAD_H 1
| #define HAVE_PTHREAD_YIELD 1
| #define HAVE_SCHED_YIELD 1
| /* end confdefs.h.  */
| /* Define setproctitle to an innocuous variant, in case <limits.h> declares setproctitle.
|    For example, HP-UX 11i <limits.h> declares gettimeofday.  */
| #define setproctitle innocuous_setproctitle
| 
| /* System header to define __stub macros and hopefully few prototypes,
|     which can conflict with char setproctitle (); below.
|     Prefer <limits.h> to <assert.h> if __STDC__ is defined, since
|     <limits.h> exists even on freestanding compilers.  */
| 
| #ifdef __STDC__
| # include <limits.h>
| #else
| # include <assert.h>
| #endif
| 
| #undef setproctitle
| 
| /* Override any GCC internal prototype to avoid an error.
|    Use char because int might match the return type of a GCC
|    builtin and then its argument prototype would still apply.  */
| #ifdef __cplusplus
| extern "C"
| #endif
| char setproctitle ();
| /* The GNU C library defines this for functions which it implements
|     to always fail with ENOSYS.  Some functions are actually named
|     something starting with __ and the normal name is an alias.  */
| #if defined __stub_setproctitle || defined __stub___setproctitle
| choke me
| #endif
| 
| int
| main ()
| {
| return setproctitle ();
|   ;
|   return 0;
| }
configure:4587: result: no
configure:4599: checking for mkdep
configure:4632: result: no
configure:4691: checking whether the C compiler accepts -Wall
configure:4705: gcc -c -g -O2 -Wall  conftest.c >&5
configure:4705: $? = 0
configure:4706: result: yes
configure:4717: checking whether the C compiler accepts -Wextra
configure:4731: gcc -c -g -O2 -Wall -Wextra  conftest.c >&5
configure:4731: $? = 0
configure:4732: result: yes
configure:4742: checking whether to use debug mode
configure:4751: result: no
configure:4757: checking whether to use symlink device
configure:4766: result: no
configure:4772: checking which syslog facility to use
configure:4793: result: "local7"
configure:4796: checking which syslog priority to use
configure:4817: result: "info"
configure:4837: checking VirtualBox Virtual Disk support
configure:4857: result: no
configure:4916: checking for PTHREAD_MUTEX_ADAPTIVE_NP
configure:4933: gcc -c -g -O2 -Wall -Wextra  conftest.c >&5
configure:4933: $? = 0
configure:4934: result: yes
configure:4948: checking for sys/types.h
configure:4948: result: yes
configure:4960: checking for machine/atomic.h
configure:4960: gcc -c -g -O2 -Wall -Wextra  conftest.c >&5
conftest.c:68:28: error: machine/atomic.h: No such file or directory
configure:4960: $? = 1
configure: failed program was:
| /* confdefs.h */
| #define PACKAGE_NAME "istgt"
| #define PACKAGE_TARNAME "istgt"
| #define PACKAGE_VERSION "0.5"
| #define PACKAGE_STRING "istgt 0.5"
| #define PACKAGE_BUGREPORT ""
| #define PACKAGE_URL ""
| #define _GNU_SOURCE 1
| #define HAVE_LIBPTHREAD 1
| #define STDC_HEADERS 1
| #define HAVE_SYS_TYPES_H 1
| #define HAVE_SYS_STAT_H 1
| #define HAVE_STDLIB_H 1
| #define HAVE_STRING_H 1
| #define HAVE_MEMORY_H 1
| #define HAVE_STRINGS_H 1
| #define HAVE_INTTYPES_H 1
| #define HAVE_STDINT_H 1
| #define HAVE_UNISTD_H 1
| #define HAVE_ARPA_INET_H 1
| #define HAVE_FCNTL_H 1
| #define HAVE_INTTYPES_H 1
| #define HAVE_LIMITS_H 1
| #define HAVE_NETDB_H 1
| #define HAVE_NETINET_IN_H 1
| #define HAVE_STDDEF_H 1
| #define HAVE_STDINT_H 1
| #define HAVE_STDLIB_H 1
| #define HAVE_STRING_H 1
| #define HAVE_SYS_IOCTL_H 1
| #define HAVE_SYS_PARAM_H 1
| #define HAVE_SYS_SOCKET_H 1
| #define HAVE_SYS_TIME_H 1
| #define HAVE_SYSLOG_H 1
| #define HAVE_UNISTD_H 1
| #define HAVE_STRUCT_STAT_ST_BLOCKS 1
| #define HAVE_ST_BLOCKS 1
| #define LSTAT_FOLLOWS_SLASHED_SYMLINK 1
| #define HAVE_STDLIB_H 1
| #define HAVE_MALLOC 1
| #define HAVE_STDLIB_H 1
| #define HAVE_REALLOC 1
| #define HAVE_FTRUNCATE 1
| #define HAVE_MEMSET 1
| #define HAVE_REALPATH 1
| #define HAVE_SOCKET 1
| #define HAVE_STRCASECMP 1
| #define HAVE_STRCHR 1
| #define HAVE_STRNCASECMP 1
| #define HAVE_STRSPN 1
| #define HAVE_STRTOL 1
| #define HAVE_STRTOULL 1
| #define HAVE_AIO_H 1
| #define HAVE_SCHED_H 1
| #define HAVE_PTHREAD_H 1
| #define HAVE_PTHREAD_YIELD 1
| #define HAVE_SCHED_YIELD 1
| #define DEFAULT_LOG_FACILITY "local7"
| #define DEFAULT_LOG_PRIORITY "info"
| #define HAVE_PTHREAD_MUTEX_ADAPTIVE_NP 1
| #define HAVE_SYS_TYPES_H 1
| /* end confdefs.h.  */
| #if HAVE_SYS_TYPES_H
| #include <sys/types.h>
| #endif
| 
| 
| #include <machine/atomic.h>
configure:4960: result: no
configure:4976: checking sys/atomic.h usability
configure:4976: gcc -c -g -O2 -Wall -Wextra  conftest.c >&5
conftest.c:96:24: error: sys/atomic.h: No such file or directory
configure:4976: $? = 1
configure: failed program was:
| /* confdefs.h */
| #define PACKAGE_NAME "istgt"
| #define PACKAGE_TARNAME "istgt"
| #define PACKAGE_VERSION "0.5"
| #define PACKAGE_STRING "istgt 0.5"
| #define PACKAGE_BUGREPORT ""
| #define PACKAGE_URL ""
| #define _GNU_SOURCE 1
| #define HAVE_LIBPTHREAD 1
| #define STDC_HEADERS 1
| #define HAVE_SYS_TYPES_H 1
| #define HAVE_SYS_STAT_H 1
| #define HAVE_STDLIB_H 1
| #define HAVE_STRING_H 1
| #define HAVE_MEMORY_H 1
| #define HAVE_STRINGS_H 1
| #define HAVE_INTTYPES_H 1
| #define HAVE_STDINT_H 1
| #define HAVE_UNISTD_H 1
| #define HAVE_ARPA_INET_H 1
| #define HAVE_FCNTL_H 1
| #define HAVE_INTTYPES_H 1
| #define HAVE_LIMITS_H 1
| #define HAVE_NETDB_H 1
| #define HAVE_NETINET_IN_H 1
| #define HAVE_STDDEF_H 1
| #define HAVE_STDINT_H 1
| #define HAVE_STDLIB_H 1
| #define HAVE_STRING_H 1
| #define HAVE_SYS_IOCTL_H 1
| #define HAVE_SYS_PARAM_H 1
| #define HAVE_SYS_SOCKET_H 1
| #define HAVE_SYS_TIME_H 1
| #define HAVE_SYSLOG_H 1
| #define HAVE_UNISTD_H 1
| #define HAVE_STRUCT_STAT_ST_BLOCKS 1
| #define HAVE_ST_BLOCKS 1
| #define LSTAT_FOLLOWS_SLASHED_SYMLINK 1
| #define HAVE_STDLIB_H 1
| #define HAVE_MALLOC 1
| #define HAVE_STDLIB_H 1
| #define HAVE_REALLOC 1
| #define HAVE_FTRUNCATE 1
| #define HAVE_MEMSET 1
| #define HAVE_REALPATH 1
| #define HAVE_SOCKET 1
| #define HAVE_STRCASECMP 1
| #define HAVE_STRCHR 1
| #define HAVE_STRNCASECMP 1
| #define HAVE_STRSPN 1
| #define HAVE_STRTOL 1
| #define HAVE_STRTOULL 1
| #define HAVE_AIO_H 1
| #define HAVE_SCHED_H 1
| #define HAVE_PTHREAD_H 1
| #define HAVE_PTHREAD_YIELD 1
| #define HAVE_SCHED_YIELD 1
| #define DEFAULT_LOG_FACILITY "local7"
| #define DEFAULT_LOG_PRIORITY "info"
| #define HAVE_PTHREAD_MUTEX_ADAPTIVE_NP 1
| #define HAVE_SYS_TYPES_H 1
| /* end confdefs.h.  */
| #include <stdio.h>
| #ifdef HAVE_SYS_TYPES_H
| # include <sys/types.h>
| #endif
| #ifdef HAVE_SYS_STAT_H
| # include <sys/stat.h>
| #endif
| #ifdef STDC_HEADERS
| # include <stdlib.h>
| # include <stddef.h>
| #else
| # ifdef HAVE_STDLIB_H
| #  include <stdlib.h>
| # endif
| #endif
| #ifdef HAVE_STRING_H
| # if !defined STDC_HEADERS && defined HAVE_MEMORY_H
| #  include <memory.h>
| # endif
| # include <string.h>
| #endif
| #ifdef HAVE_STRINGS_H
| # include <strings.h>
| #endif
| #ifdef HAVE_INTTYPES_H
| # include <inttypes.h>
| #endif
| #ifdef HAVE_STDINT_H
| # include <stdint.h>
| #endif
| #ifdef HAVE_UNISTD_H
| # include <unistd.h>
| #endif
| #include <sys/atomic.h>
configure:4976: result: no
configure:4976: checking sys/atomic.h presence
configure:4976: gcc -E  conftest.c
conftest.c:63:24: error: sys/atomic.h: No such file or directory
configure:4976: $? = 1
configure: failed program was:
| /* confdefs.h */
| #define PACKAGE_NAME "istgt"
| #define PACKAGE_TARNAME "istgt"
| #define PACKAGE_VERSION "0.5"
| #define PACKAGE_STRING "istgt 0.5"
| #define PACKAGE_BUGREPORT ""
| #define PACKAGE_URL ""
| #define _GNU_SOURCE 1
| #define HAVE_LIBPTHREAD 1
| #define STDC_HEADERS 1
| #define HAVE_SYS_TYPES_H 1
| #define HAVE_SYS_STAT_H 1
| #define HAVE_STDLIB_H 1
| #define HAVE_STRING_H 1
| #define HAVE_MEMORY_H 1
| #define HAVE_STRINGS_H 1
| #define HAVE_INTTYPES_H 1
| #define HAVE_STDINT_H 1
| #define HAVE_UNISTD_H 1
| #define HAVE_ARPA_INET_H 1
| #define HAVE_FCNTL_H 1
| #define HAVE_INTTYPES_H 1
| #define HAVE_LIMITS_H 1
| #define HAVE_NETDB_H 1
| #define HAVE_NETINET_IN_H 1
| #define HAVE_STDDEF_H 1
| #define HAVE_STDINT_H 1
| #define HAVE_STDLIB_H 1
| #define HAVE_STRING_H 1
| #define HAVE_SYS_IOCTL_H 1
| #define HAVE_SYS_PARAM_H 1
| #define HAVE_SYS_SOCKET_H 1
| #define HAVE_SYS_TIME_H 1
| #define HAVE_SYSLOG_H 1
| #define HAVE_UNISTD_H 1
| #define HAVE_STRUCT_STAT_ST_BLOCKS 1
| #define HAVE_ST_BLOCKS 1
| #define LSTAT_FOLLOWS_SLASHED_SYMLINK 1
| #define HAVE_STDLIB_H 1
| #define HAVE_MALLOC 1
| #define HAVE_STDLIB_H 1
| #define HAVE_REALLOC 1
| #define HAVE_FTRUNCATE 1
| #define HAVE_MEMSET 1
| #define HAVE_REALPATH 1
| #define HAVE_SOCKET 1
| #define HAVE_STRCASECMP 1
| #define HAVE_STRCHR 1
| #define HAVE_STRNCASECMP 1
| #define HAVE_STRSPN 1
| #define HAVE_STRTOL 1
| #define HAVE_STRTOULL 1
| #define HAVE_AIO_H 1
| #define HAVE_SCHED_H 1
| #define HAVE_PTHREAD_H 1
| #define HAVE_PTHREAD_YIELD 1
| #define HAVE_SCHED_YIELD 1
| #define DEFAULT_LOG_FACILITY "local7"
| #define DEFAULT_LOG_PRIORITY "info"
| #define HAVE_PTHREAD_MUTEX_ADAPTIVE_NP 1
| #define HAVE_SYS_TYPES_H 1
| /* end confdefs.h.  */
| #include <sys/atomic.h>
configure:4976: result: no
configure:4976: checking for sys/atomic.h
configure:4976: result: no
configure:4996: checking for atomic operations
configure:5018: gcc -o conftest -g -O2 -Wall -Wextra   conftest.c -lpthread  >&5
conftest.c:67:28: error: machine/atomic.h: No such file or directory
conftest.c: In function 'main':
conftest.c:74: warning: implicit declaration of function 'atomic_store_rel_int'
conftest.c:75: warning: implicit declaration of function 'atomic_load_acq_int'
configure:5018: $? = 1
configure: failed program was:
| /* confdefs.h */
| #define PACKAGE_NAME "istgt"
| #define PACKAGE_TARNAME "istgt"
| #define PACKAGE_VERSION "0.5"
| #define PACKAGE_STRING "istgt 0.5"
| #define PACKAGE_BUGREPORT ""
| #define PACKAGE_URL ""
| #define _GNU_SOURCE 1
| #define HAVE_LIBPTHREAD 1
| #define STDC_HEADERS 1
| #define HAVE_SYS_TYPES_H 1
| #define HAVE_SYS_STAT_H 1
| #define HAVE_STDLIB_H 1
| #define HAVE_STRING_H 1
| #define HAVE_MEMORY_H 1
| #define HAVE_STRINGS_H 1
| #define HAVE_INTTYPES_H 1
| #define HAVE_STDINT_H 1
| #define HAVE_UNISTD_H 1
| #define HAVE_ARPA_INET_H 1
| #define HAVE_FCNTL_H 1
| #define HAVE_INTTYPES_H 1
| #define HAVE_LIMITS_H 1
| #define HAVE_NETDB_H 1
| #define HAVE_NETINET_IN_H 1
| #define HAVE_STDDEF_H 1
| #define HAVE_STDINT_H 1
| #define HAVE_STDLIB_H 1
| #define HAVE_STRING_H 1
| #define HAVE_SYS_IOCTL_H 1
| #define HAVE_SYS_PARAM_H 1
| #define HAVE_SYS_SOCKET_H 1
| #define HAVE_SYS_TIME_H 1
| #define HAVE_SYSLOG_H 1
| #define HAVE_UNISTD_H 1
| #define HAVE_STRUCT_STAT_ST_BLOCKS 1
| #define HAVE_ST_BLOCKS 1
| #define LSTAT_FOLLOWS_SLASHED_SYMLINK 1
| #define HAVE_STDLIB_H 1
| #define HAVE_MALLOC 1
| #define HAVE_STDLIB_H 1
| #define HAVE_REALLOC 1
| #define HAVE_FTRUNCATE 1
| #define HAVE_MEMSET 1
| #define HAVE_REALPATH 1
| #define HAVE_SOCKET 1
| #define HAVE_STRCASECMP 1
| #define HAVE_STRCHR 1
| #define HAVE_STRNCASECMP 1
| #define HAVE_STRSPN 1
| #define HAVE_STRTOL 1
| #define HAVE_STRTOULL 1
| #define HAVE_AIO_H 1
| #define HAVE_SCHED_H 1
| #define HAVE_PTHREAD_H 1
| #define HAVE_PTHREAD_YIELD 1
| #define HAVE_SCHED_YIELD 1
| #define DEFAULT_LOG_FACILITY "local7"
| #define DEFAULT_LOG_PRIORITY "info"
| #define HAVE_PTHREAD_MUTEX_ADAPTIVE_NP 1
| #define HAVE_SYS_TYPES_H 1
| /* end confdefs.h.  */
| 
| #if HAVE_SYS_TYPES_H
| #include <sys/types.h>
| #endif
| #include <machine/atomic.h>
| 
| int
| main ()
| {
| 
| 	int x, y;
| 	atomic_store_rel_int(&x, 1);
| 	y = atomic_load_acq_int(&x);
| 
|   ;
|   return 0;
| }
configure:5054: gcc -o conftest -g -O2 -Wall -Wextra   conftest.c -lpthread  >&5
conftest.c:67:24: error: sys/atomic.h: No such file or directory
conftest.c: In function 'main':
conftest.c:74: warning: implicit declaration of function 'atomic_swap_uint'
conftest.c:75: warning: implicit declaration of function 'atomic_or_uint_nv'
configure:5054: $? = 1
configure: failed program was:
| /* confdefs.h */
| #define PACKAGE_NAME "istgt"
| #define PACKAGE_TARNAME "istgt"
| #define PACKAGE_VERSION "0.5"
| #define PACKAGE_STRING "istgt 0.5"
| #define PACKAGE_BUGREPORT ""
| #define PACKAGE_URL ""
| #define _GNU_SOURCE 1
| #define HAVE_LIBPTHREAD 1
| #define STDC_HEADERS 1
| #define HAVE_SYS_TYPES_H 1
| #define HAVE_SYS_STAT_H 1
| #define HAVE_STDLIB_H 1
| #define HAVE_STRING_H 1
| #define HAVE_MEMORY_H 1
| #define HAVE_STRINGS_H 1
| #define HAVE_INTTYPES_H 1
| #define HAVE_STDINT_H 1
| #define HAVE_UNISTD_H 1
| #define HAVE_ARPA_INET_H 1
| #define HAVE_FCNTL_H 1
| #define HAVE_INTTYPES_H 1
| #define HAVE_LIMITS_H 1
| #define HAVE_NETDB_H 1
| #define HAVE_NETINET_IN_H 1
| #define HAVE_STDDEF_H 1
| #define HAVE_STDINT_H 1
| #define HAVE_STDLIB_H 1
| #define HAVE_STRING_H 1
| #define HAVE_SYS_IOCTL_H 1
| #define HAVE_SYS_PARAM_H 1
| #define HAVE_SYS_SOCKET_H 1
| #define HAVE_SYS_TIME_H 1
| #define HAVE_SYSLOG_H 1
| #define HAVE_UNISTD_H 1
| #define HAVE_STRUCT_STAT_ST_BLOCKS 1
| #define HAVE_ST_BLOCKS 1
| #define LSTAT_FOLLOWS_SLASHED_SYMLINK 1
| #define HAVE_STDLIB_H 1
| #define HAVE_MALLOC 1
| #define HAVE_STDLIB_H 1
| #define HAVE_REALLOC 1
| #define HAVE_FTRUNCATE 1
| #define HAVE_MEMSET 1
| #define HAVE_REALPATH 1
| #define HAVE_SOCKET 1
| #define HAVE_STRCASECMP 1
| #define HAVE_STRCHR 1
| #define HAVE_STRNCASECMP 1
| #define HAVE_STRSPN 1
| #define HAVE_STRTOL 1
| #define HAVE_STRTOULL 1
| #define HAVE_AIO_H 1
| #define HAVE_SCHED_H 1
| #define HAVE_PTHREAD_H 1
| #define HAVE_PTHREAD_YIELD 1
| #define HAVE_SCHED_YIELD 1
| #define DEFAULT_LOG_FACILITY "local7"
| #define DEFAULT_LOG_PRIORITY "info"
| #define HAVE_PTHREAD_MUTEX_ADAPTIVE_NP 1
| #define HAVE_SYS_TYPES_H 1
| /* end confdefs.h.  */
| 
| #if HAVE_SYS_TYPES_H
| #include <sys/types.h>
| #endif
| #include <sys/atomic.h>
| 
| int
| main ()
| {
| 
| 	unsigned int x, y;
| 	atomic_swap_uint(&x, 1);
| 	y = atomic_or_uint_nv(&x, 0);
| 
|   ;
|   return 0;
| }
configure:5088: gcc -o conftest -g -O2 -Wall -Wextra   conftest.c -lpthread  >&5
conftest.c:67:24: error: sys/atomic.h: No such file or directory
conftest.c: In function 'main':
conftest.c:73: warning: implicit declaration of function 'membar_producer'
configure:5088: $? = 1
configure: failed program was:
| /* confdefs.h */
| #define PACKAGE_NAME "istgt"
| #define PACKAGE_TARNAME "istgt"
| #define PACKAGE_VERSION "0.5"
| #define PACKAGE_STRING "istgt 0.5"
| #define PACKAGE_BUGREPORT ""
| #define PACKAGE_URL ""
| #define _GNU_SOURCE 1
| #define HAVE_LIBPTHREAD 1
| #define STDC_HEADERS 1
| #define HAVE_SYS_TYPES_H 1
| #define HAVE_SYS_STAT_H 1
| #define HAVE_STDLIB_H 1
| #define HAVE_STRING_H 1
| #define HAVE_MEMORY_H 1
| #define HAVE_STRINGS_H 1
| #define HAVE_INTTYPES_H 1
| #define HAVE_STDINT_H 1
| #define HAVE_UNISTD_H 1
| #define HAVE_ARPA_INET_H 1
| #define HAVE_FCNTL_H 1
| #define HAVE_INTTYPES_H 1
| #define HAVE_LIMITS_H 1
| #define HAVE_NETDB_H 1
| #define HAVE_NETINET_IN_H 1
| #define HAVE_STDDEF_H 1
| #define HAVE_STDINT_H 1
| #define HAVE_STDLIB_H 1
| #define HAVE_STRING_H 1
| #define HAVE_SYS_IOCTL_H 1
| #define HAVE_SYS_PARAM_H 1
| #define HAVE_SYS_SOCKET_H 1
| #define HAVE_SYS_TIME_H 1
| #define HAVE_SYSLOG_H 1
| #define HAVE_UNISTD_H 1
| #define HAVE_STRUCT_STAT_ST_BLOCKS 1
| #define HAVE_ST_BLOCKS 1
| #define LSTAT_FOLLOWS_SLASHED_SYMLINK 1
| #define HAVE_STDLIB_H 1
| #define HAVE_MALLOC 1
| #define HAVE_STDLIB_H 1
| #define HAVE_REALLOC 1
| #define HAVE_FTRUNCATE 1
| #define HAVE_MEMSET 1
| #define HAVE_REALPATH 1
| #define HAVE_SOCKET 1
| #define HAVE_STRCASECMP 1
| #define HAVE_STRCHR 1
| #define HAVE_STRNCASECMP 1
| #define HAVE_STRSPN 1
| #define HAVE_STRTOL 1
| #define HAVE_STRTOULL 1
| #define HAVE_AIO_H 1
| #define HAVE_SCHED_H 1
| #define HAVE_PTHREAD_H 1
| #define HAVE_PTHREAD_YIELD 1
| #define HAVE_SCHED_YIELD 1
| #define DEFAULT_LOG_FACILITY "local7"
| #define DEFAULT_LOG_PRIORITY "info"
| #define HAVE_PTHREAD_MUTEX_ADAPTIVE_NP 1
| #define HAVE_SYS_TYPES_H 1
| /* end confdefs.h.  */
| 
| #if HAVE_SYS_TYPES_H
| #include <sys/types.h>
| #endif
| #include <sys/atomic.h>
| 
| int
| main ()
| {
| 
| 	membar_producer();
| 
|   ;
|   return 0;
| }
configure:5096: result: no
configure:5104: checking for gcc builtin atomic operations
configure:5125: gcc -o conftest -g -O2 -Wall -Wextra   conftest.c -lpthread  >&5
configure:5125: $? = 0
configure:5157: gcc -o conftest -g -O2 -Wall -Wextra   conftest.c -lpthread  >&5
configure:5157: $? = 0
configure:5165: result: yes
configure:5350: creating ./config.status

## ---------------------- ##
## Running config.status. ##
## ---------------------- ##

This file was extended by istgt config.status 0.5, which was
generated by GNU Autoconf 2.69.  Invocation command line was

  CONFIG_FILES    = 
  CONFIG_HEADERS  = 
  CONFIG_LINKS    = 
  CONFIG_COMMANDS = 
  $ ./config.status 

on s7n13.testing.lan

config.status:873: creating Makefile
config.status:873: creating src/Makefile
config.status:873: creating etc/Makefile
config.status:873: creating doc/Makefile
config.status:873: creating src/build.h
config.status:873: creating src/config.h
config.status:1054: src/config.h is unchanged

## ---------------- ##
## Cache variables. ##
## ---------------- ##

ac_cv_build=x86_64-unknown-linux-gnu
ac_cv_c_compiler_gnu=yes
ac_cv_c_inline=inline
ac_cv_c_int32_t=yes
ac_cv_c_int64_t=yes
ac_cv_c_uint16_t=yes
ac_cv_c_uint32_t=yes
ac_cv_c_uint64_t=yes
ac_cv_c_uint8_t=yes
ac_cv_env_CC_set=
ac_cv_env_CC_value=
ac_cv_env_CFLAGS_set=
ac_cv_env_CFLAGS_value=
ac_cv_env_CPPFLAGS_set=
ac_cv_env_CPPFLAGS_value=
ac_cv_env_CPP_set=
ac_cv_env_CPP_value=
ac_cv_env_LDFLAGS_set=
ac_cv_env_LDFLAGS_value=
ac_cv_env_LIBS_set=
ac_cv_env_LIBS_value=
ac_cv_env_build_alias_set=
ac_cv_env_build_alias_value=
ac_cv_env_host_alias_set=
ac_cv_env_host_alias_value=
ac_cv_env_target_alias_set=
ac_cv_env_target_alias_value=
ac_cv_func_arc4random=no
ac_cv_func_ftruncate=yes
ac_cv_func_lstat_dereferences_slashed_symlink=yes
ac_cv_func_malloc_0_nonnull=yes
ac_cv_func_memset=yes
ac_cv_func_pthread_set_name_np=no
ac_cv_func_pthread_yield=yes
ac_cv_func_realloc_0_nonnull=yes
ac_cv_func_realpath=yes
ac_cv_func_sched_yield=yes
ac_cv_func_setproctitle=no
ac_cv_func_socket=yes
ac_cv_func_srandomdev=no
ac_cv_func_strcasecmp=yes
ac_cv_func_strchr=yes
ac_cv_func_strlcpy=no
ac_cv_func_strncasecmp=yes
ac_cv_func_strspn=yes
ac_cv_func_strtol=yes
ac_cv_func_strtoull=yes
ac_cv_header_aio_h=yes
ac_cv_header_arpa_inet_h=yes
ac_cv_header_fcntl_h=yes
ac_cv_header_inttypes_h=yes
ac_cv_header_limits_h=yes
ac_cv_header_machine_atomic_h=no
ac_cv_header_memory_h=yes
ac_cv_header_netdb_h=yes
ac_cv_header_netinet_in_h=yes
ac_cv_header_pthread_h=yes
ac_cv_header_pthread_np_h=no
ac_cv_header_sched_h=yes
ac_cv_header_stdc=yes
ac_cv_header_stddef_h=yes
ac_cv_header_stdint_h=yes
ac_cv_header_stdlib_h=yes
ac_cv_header_string_h=yes
ac_cv_header_strings_h=yes
ac_cv_header_sys_atomic_h=no
ac_cv_header_sys_disk_h=no
ac_cv_header_sys_disklabel_h=no
ac_cv_header_sys_ioctl_h=yes
ac_cv_header_sys_param_h=yes
ac_cv_header_sys_socket_h=yes
ac_cv_header_sys_stat_h=yes
ac_cv_header_sys_time_h=yes
ac_cv_header_sys_types_h=yes
ac_cv_header_syslog_h=yes
ac_cv_header_unistd_h=yes
ac_cv_header_uuid_h=no
ac_cv_host=x86_64-unknown-linux-gnu
ac_cv_lib_cam_cam_open_spec_device=no
ac_cv_lib_pthread_pthread_create=yes
ac_cv_member_struct_stat_st_blocks=yes
ac_cv_objext=o
ac_cv_path_EGREP='/bin/grep -E'
ac_cv_path_GREP=/bin/grep
ac_cv_path_SED=/bin/sed
ac_cv_path_install='/usr/bin/install -c'
ac_cv_path_mkdir=/bin/mkdir
ac_cv_prog_CPP='gcc -E'
ac_cv_prog_ac_ct_CC=gcc
ac_cv_prog_ac_ct_RANLIB=ranlib
ac_cv_prog_cc_c89=
ac_cv_prog_cc_g=yes
ac_cv_sys_file_offset_bits=no
ac_cv_sys_largefile_CC=no
ac_cv_type_off_t=yes
ac_cv_type_pid_t=yes
ac_cv_type_size_t=yes
ac_cv_type_ssize_t=yes

## ----------------- ##
## Output variables. ##
## ----------------- ##

ALLOW_SYMLINK_DEVICE=''
CC='gcc'
CFLAGS='-g -O2 -Wall -Wextra'
CPP='gcc -E'
CPPFLAGS=''
DEBUG=''
DEFS='-DHAVE_CONFIG_H'
ECHO_C=''
ECHO_N='-n'
ECHO_T=''
EGREP='/bin/grep -E'
ELASTO=''
EXEEXT=''
GREP='/bin/grep'
INSTALL_DATA='${INSTALL} -m 644'
INSTALL_PROGRAM='${INSTALL}'
INSTALL_SCRIPT='${INSTALL}'
LDFLAGS=''
LIBOBJS=''
LIBS='-lpthread '
LTLIBOBJS=''
MKDEP=''
MKDIR_P='/bin/mkdir -p'
OBJEXT='o'
PACKAGE_BUGREPORT=''
PACKAGE_NAME='istgt'
PACKAGE_STRING='istgt 0.5'
PACKAGE_TARNAME='istgt'
PACKAGE_URL=''
PACKAGE_VERSION='0.5'
PATH_SEPARATOR=':'
RANLIB='ranlib'
SED='/bin/sed'
SHELL='/bin/sh'
ac_ct_CC='gcc'
bindir='${exec_prefix}/bin'
build='x86_64-unknown-linux-gnu'
build_alias=''
build_cpu='x86_64'
build_os='linux-gnu'
build_vendor='unknown'
configdir='/usr/local/etc/istgt'
datadir='${datarootdir}'
datarootdir='${prefix}/share'
docdir='${datarootdir}/doc/${PACKAGE_TARNAME}'
dvidir='${docdir}'
exec_prefix='${prefix}'
host='x86_64-unknown-linux-gnu'
host_alias=''
host_cpu='x86_64'
host_os='linux-gnu'
host_vendor='unknown'
htmldir='${docdir}'
includedir='${prefix}/include'
infodir='${datarootdir}/info'
libdir='${exec_prefix}/lib'
libexecdir='${exec_prefix}/libexec'
localedir='${datarootdir}/locale'
localstatedir='${prefix}/var'
mandir='${datarootdir}/man'
mediadir='/var/istgt'
oldincludedir='/usr/include'
pdfdir='${docdir}'
prefix='/usr/local'
program_transform_name='s,x,x,'
psdir='${docdir}'
rcdir='/etc/init.d'
rctemplate='istgt_linux.sh.in'
sbindir='${exec_prefix}/sbin'
sharedstatedir='${prefix}/com'
sysconfdir='${prefix}/etc'
target_alias=''

## ----------- ##
## confdefs.h. ##
## ----------- ##

/* confdefs.h */
#define PACKAGE_NAME "istgt"
#define PACKAGE_TARNAME "istgt"
#define PACKAGE_VERSION "0.5"
#define PACKAGE_STRING "istgt 0.5"
#define PACKAGE_BUGREPORT ""
#define PACKAGE_URL ""
#define _GNU_SOURCE 1
#define HAVE_LIBPTHREAD 1
#define STDC_HEADERS 1
#define HAVE_SYS_TYPES_H 1
#define HAVE_SYS_STAT_H 1
#define HAVE_STDLIB_H 1
#define HAVE_STRING_H 1
#define HAVE_MEMORY_H 1
#define HAVE_STRINGS_H 1
#define HAVE_INTTYPES_H 1
#define HAVE_STDINT_H 1
#define HAVE_UNISTD_H 1
#define HAVE_ARPA_INET_H 1
#define HAVE_FCNTL_H 1
#define HAVE_INTTYPES_H 1
#define HAVE_LIMITS_H 1
#define HAVE_NETDB_H 1
#define HAVE_NETINET_IN_H 1
#define HAVE_STDDEF_H 1
#define HAVE_STDINT_H 1
#define HAVE_STDLIB_H 1
#define HAVE_STRING_H 1
#define HAVE_SYS_IOCTL_H 1
#define HAVE_SYS_PARAM_H 1
#define HAVE_SYS_SOCKET_H 1
#define HAVE_SYS_TIME_H 1
#define HAVE_SYSLOG_H 1
#define HAVE_UNISTD_H 1
#define HAVE_STRUCT_STAT_ST_BLOCKS 1
#define HAVE_ST_BLOCKS 1
#define LSTAT_FOLLOWS_SLASHED_SYMLINK 1
#define HAVE_STDLIB_H 1
#define HAVE_MALLOC 1
#define HAVE_STDLIB_H 1
#define HAVE_REALLOC 1
#define HAVE_FTRUNCATE 1
#define HAVE_MEMSET 1
#define HAVE_REALPATH 1
#define HAVE_SOCKET 1
#define HAVE_STRCASECMP 1
#define HAVE_STRCHR 1
#define HAVE_STRNCASECMP 1
#define HAVE_STRSPN 1
#define HAVE_STRTOL 1
#define HAVE_STRTOULL 1
#define HAVE_AIO_H 1
#define HAVE_SCHED_H 1
#define HAVE_PTHREAD_H 1
#define HAVE_PTHREAD_YIELD 1
#define HAVE_SCHED_YIELD 1
#define DEFAULT_LOG_FACILITY "local7"
#define DEFAULT_LOG_PRIORITY "info"
#define HAVE_PTHREAD_MUTEX_ADAPTIVE_NP 1
#define HAVE_SYS_TYPES_H 1
#define USE_GCC_ATOMIC 1
#define HAVE_GCC_ATOMIC_FETCH_AND_ADD_UINT 1
#define HAVE_GCC_ATOMIC_VAL_COMPARE_AND_SWAP_UINT 1
#define HAVE_GCC_ATOMIC_SYNCHRONIZE 1

configure: exit 0
